TN:
SF:prisma\generated\mongo_client\index.js
FN:216,(anonymous_0)
FNF:1
FNH:0
FNDA:0,(anonymous_0)
DA:2,1
DA:25,1
DA:28,1
DA:30,1
DA:31,1
DA:37,1
DA:42,1
DA:43,1
DA:44,1
DA:45,1
DA:46,1
DA:47,1
DA:48,1
DA:53,1
DA:54,1
DA:55,1
DA:56,1
DA:57,1
DA:62,1
DA:63,1
DA:68,1
DA:69,1
DA:70,1
DA:72,1
DA:79,1
DA:84,1
DA:94,1
DA:105,1
DA:114,1
DA:123,1
DA:131,1
DA:136,1
DA:141,1
DA:147,1
DA:158,1
DA:207,1
DA:209,1
DA:210,1
DA:211,0
DA:216,0
DA:217,0
DA:220,0
DA:221,0
DA:224,1
DA:225,1
DA:226,1
DA:229,1
DA:231,1
DA:236,1
DA:237,1
DA:238,1
DA:241,1
DA:242,1
DA:244,1
DA:245,1
LF:55
LH:50
BRDA:210,0,0,0
BRDA:210,0,1,1
BRDA:216,1,0,0
BRDA:216,1,1,0
BRDA:232,2,0,1
BRDA:232,2,1,0
BRDA:233,3,0,1
BRDA:233,3,1,1
BRF:8
BRH:4
end_of_record
TN:
SF:prisma\generated\mongo_client\runtime\library.js
FN:1,(anonymous_0)
FN:1,(anonymous_1)
FN:1,(anonymous_2)
FN:1,(anonymous_3)
FN:1,(anonymous_4)
FN:1,(anonymous_5)
FN:1,(anonymous_6)
FN:1,(anonymous_7)
FN:1,(anonymous_8)
FN:1,(anonymous_9)
FN:1,(anonymous_10)
FN:1,(anonymous_11)
FN:1,(anonymous_12)
FN:1,(anonymous_13)
FN:1,(anonymous_14)
FN:1,(anonymous_15)
FN:1,(anonymous_16)
FN:1,(anonymous_17)
FN:1,(anonymous_18)
FN:1,(anonymous_19)
FN:1,(anonymous_20)
FN:1,(anonymous_21)
FN:1,Gn
FN:1,Jn
FN:1,(anonymous_24)
FN:1,Su
FN:1,(anonymous_26)
FN:1,Lo
FN:1,(anonymous_28)
FN:1,Hn
FN:1,(anonymous_30)
FN:1,(anonymous_31)
FN:1,(anonymous_32)
FN:1,(anonymous_33)
FN:1,(anonymous_34)
FN:1,(anonymous_35)
FN:1,Fu
FN:3,zn
FN:3,Mu
FN:3,$u
FN:3,(anonymous_40)
FN:3,(anonymous_41)
FN:3,(anonymous_42)
FN:3,(anonymous_43)
FN:3,(anonymous_44)
FN:3,(anonymous_45)
FN:3,(anonymous_46)
FN:3,(anonymous_47)
FN:3,(anonymous_48)
FN:3,(anonymous_49)
FN:3,(anonymous_50)
FN:3,(anonymous_51)
FN:3,(anonymous_52)
FN:3,(anonymous_53)
FN:3,(anonymous_54)
FN:3,(anonymous_55)
FN:3,(anonymous_56)
FN:3,(anonymous_57)
FN:3,e
FN:3,(anonymous_59)
FN:3,(anonymous_60)
FN:3,(anonymous_61)
FN:3,(anonymous_62)
FN:3,(anonymous_63)
FN:3,(anonymous_64)
FN:3,(anonymous_65)
FN:3,(anonymous_66)
FN:3,(anonymous_67)
FN:3,(anonymous_68)
FN:3,(anonymous_69)
FN:3,(anonymous_70)
FN:3,(anonymous_71)
FN:3,(anonymous_72)
FN:3,(anonymous_73)
FN:3,(anonymous_74)
FN:3,(anonymous_75)
FN:3,(anonymous_76)
FN:3,(anonymous_77)
FN:3,(anonymous_78)
FN:3,(anonymous_79)
FN:3,(anonymous_80)
FN:3,(anonymous_81)
FN:3,(anonymous_82)
FN:3,(anonymous_83)
FN:3,(anonymous_84)
FN:3,io
FN:3,(anonymous_86)
FN:3,oo
FN:3,(anonymous_88)
FN:3,so
FN:3,(anonymous_90)
FN:3,(anonymous_91)
FN:3,(anonymous_92)
FN:3,(anonymous_93)
FN:3,(anonymous_94)
FN:3,(anonymous_95)
FN:3,(anonymous_96)
FN:3,(anonymous_97)
FN:3,(anonymous_98)
FN:3,(anonymous_99)
FN:3,(anonymous_100)
FN:3,(anonymous_101)
FN:3,(anonymous_102)
FN:3,(anonymous_103)
FN:3,(anonymous_104)
FN:3,(anonymous_105)
FN:3,(anonymous_106)
FN:3,(anonymous_107)
FN:3,(anonymous_108)
FN:3,(anonymous_109)
FN:3,(anonymous_110)
FN:3,(anonymous_111)
FN:3,(anonymous_112)
FN:3,(anonymous_113)
FN:3,(anonymous_114)
FN:3,(anonymous_115)
FN:3,(anonymous_116)
FN:3,(anonymous_117)
FN:3,F
FN:3,(anonymous_119)
FN:3,(anonymous_120)
FN:3,(anonymous_121)
FN:3,(anonymous_122)
FN:3,(anonymous_123)
FN:3,(anonymous_124)
FN:3,(anonymous_125)
FN:3,(anonymous_126)
FN:3,(anonymous_127)
FN:4,au
FN:4,(anonymous_129)
FN:4,(anonymous_130)
FN:4,(anonymous_131)
FN:4,(anonymous_132)
FN:4,(anonymous_133)
FN:4,(anonymous_134)
FN:4,(anonymous_135)
FN:4,lu
FN:4,(anonymous_137)
FN:4,go
FN:4,(anonymous_139)
FN:4,(anonymous_140)
FN:5,ho
FN:5,Fn
FN:5,It
FN:5,(anonymous_144)
FN:5,(anonymous_145)
FN:5,(anonymous_146)
FN:5,(anonymous_147)
FN:5,(anonymous_148)
FN:5,(anonymous_149)
FN:5,(anonymous_150)
FN:5,(anonymous_151)
FN:5,(anonymous_152)
FN:5,(anonymous_153)
FN:5,(anonymous_154)
FN:5,fe
FN:5,(anonymous_156)
FN:5,(anonymous_157)
FN:5,(anonymous_158)
FN:5,(anonymous_159)
FN:5,cu
FN:5,(anonymous_161)
FN:5,(anonymous_162)
FN:5,(anonymous_163)
FN:5,(anonymous_164)
FN:5,(anonymous_165)
FN:5,B
FN:5,(anonymous_167)
FN:5,(anonymous_168)
FN:5,(anonymous_169)
FN:5,(anonymous_170)
FN:5,(anonymous_171)
FN:5,pu
FN:5,(anonymous_173)
FN:5,(anonymous_174)
FN:5,(anonymous_175)
FN:5,(anonymous_176)
FN:5,(anonymous_177)
FN:5,(anonymous_178)
FN:5,k
FN:5,(anonymous_180)
FN:5,(anonymous_181)
FN:5,Eo
FN:5,(anonymous_183)
FN:5,(anonymous_184)
FN:5,(anonymous_185)
FN:5,(anonymous_186)
FN:5,Ee
FN:5,Xe
FN:5,qe
FN:5,(anonymous_190)
FN:5,(anonymous_191)
FN:5,(anonymous_192)
FN:5,(anonymous_193)
FN:5,(anonymous_194)
FN:5,(anonymous_195)
FN:5,(anonymous_196)
FN:5,(anonymous_197)
FN:5,(anonymous_198)
FN:5,(anonymous_199)
FN:5,(anonymous_200)
FN:5,(anonymous_201)
FN:5,(anonymous_202)
FN:5,(anonymous_203)
FN:5,(anonymous_204)
FN:5,(anonymous_205)
FN:5,(anonymous_206)
FN:5,(anonymous_207)
FN:5,(anonymous_208)
FN:5,(anonymous_209)
FN:5,(anonymous_210)
FN:5,(anonymous_211)
FN:5,(anonymous_212)
FN:5,(anonymous_213)
FN:5,(anonymous_214)
FN:5,(anonymous_215)
FN:5,(anonymous_216)
FN:5,(anonymous_217)
FN:5,(anonymous_218)
FN:5,(anonymous_219)
FN:5,(anonymous_220)
FN:5,(anonymous_221)
FN:5,(anonymous_222)
FN:5,(anonymous_223)
FN:5,(anonymous_224)
FN:5,(anonymous_225)
FN:5,(anonymous_226)
FN:5,(anonymous_227)
FN:5,(anonymous_228)
FN:5,(anonymous_229)
FN:5,(anonymous_230)
FN:5,(anonymous_231)
FN:5,(anonymous_232)
FN:5,(anonymous_233)
FN:5,(anonymous_234)
FN:5,(anonymous_235)
FN:5,(anonymous_236)
FN:5,(anonymous_237)
FN:5,(anonymous_238)
FN:5,(anonymous_239)
FN:5,(anonymous_240)
FN:5,(anonymous_241)
FN:5,(anonymous_242)
FN:5,(anonymous_243)
FN:5,(anonymous_244)
FN:5,(anonymous_245)
FN:5,(anonymous_246)
FN:5,(anonymous_247)
FN:5,(anonymous_248)
FN:5,(anonymous_249)
FN:5,(anonymous_250)
FN:5,(anonymous_251)
FN:5,(anonymous_252)
FN:5,mr
FN:5,(anonymous_254)
FN:5,(anonymous_255)
FN:5,(anonymous_256)
FN:5,(anonymous_257)
FN:5,(anonymous_258)
FN:5,(anonymous_259)
FN:5,(anonymous_260)
FN:5,(anonymous_261)
FN:5,(anonymous_262)
FN:5,(anonymous_263)
FN:5,Dt
FN:5,vo
FN:5,hu
FN:5,(anonymous_267)
FN:5,(anonymous_268)
FN:5,(anonymous_269)
FN:5,(anonymous_270)
FN:5,(anonymous_271)
FN:5,(anonymous_272)
FN:5,(anonymous_273)
FN:5,(anonymous_274)
FN:5,(anonymous_275)
FN:5,(anonymous_276)
FN:5,(anonymous_277)
FN:5,(anonymous_278)
FN:6,yu
FN:6,Eu
FN:6,bo
FN:6,To
FN:6,(anonymous_283)
FN:6,bu
FN:6,(anonymous_285)
FN:6,(anonymous_286)
FN:6,(anonymous_287)
FN:6,(anonymous_288)
FN:6,wu
FN:6,wo
FN:6,xu
FN:6,(anonymous_292)
FN:6,rr
FN:6,Pu
FN:6,jn
FN:6,Co
FN:6,vu
FN:6,(anonymous_298)
FN:6,(anonymous_299)
FN:7,Tu
FN:7,Ot
FN:7,(anonymous_302)
FN:7,Cu
FN:7,Ro
FN:7,Kn
FN:7,jo
FN:7,(anonymous_307)
FN:7,(anonymous_308)
FN:7,jr
FN:8,qu
FN:10,(anonymous_311)
FN:14,(anonymous_312)
FN:16,Uo
FN:16,Qo
FN:16,Bu
FN:16,Ur
FN:16,Vu
FN:16,zo
FN:16,ti
FN:16,ni
FN:16,(anonymous_321)
FN:16,(anonymous_322)
FN:16,(anonymous_323)
FN:16,(anonymous_324)
FN:16,(anonymous_325)
FN:16,(anonymous_326)
FN:16,(anonymous_327)
FN:16,(anonymous_328)
FN:16,(anonymous_329)
FN:16,(anonymous_330)
FN:16,(anonymous_331)
FN:16,(anonymous_332)
FN:16,(anonymous_333)
FN:19,(anonymous_334)
FN:19,(anonymous_335)
FN:19,ii
FN:19,ai
FN:19,(anonymous_338)
FN:19,(anonymous_339)
FN:21,Ju
FN:21,(anonymous_341)
FN:21,(anonymous_342)
FN:21,Hu
FN:21,(anonymous_344)
FN:21,(anonymous_345)
FN:22,Wu
FN:22,(anonymous_347)
FN:22,(anonymous_348)
FN:22,(anonymous_349)
FN:22,(anonymous_350)
FN:22,(anonymous_351)
FN:22,(anonymous_352)
FN:22,(anonymous_353)
FN:22,(anonymous_354)
FN:22,(anonymous_355)
FN:22,(anonymous_356)
FN:22,Ku
FN:22,li
FN:22,zu
FN:22,Yu
FN:22,Zu
FN:22,Vt
FN:22,tr
FN:22,ci
FN:22,(anonymous_365)
FN:22,(anonymous_366)
FN:22,hr
FN:22,mi
FN:22,w
FN:22,(anonymous_370)
FN:22,(anonymous_371)
FN:22,(anonymous_372)
FN:22,(anonymous_373)
FN:22,(anonymous_374)
FN:22,(anonymous_375)
FN:22,(anonymous_376)
FN:22,(anonymous_377)
FN:22,(anonymous_378)
FN:22,(anonymous_379)
FN:22,(anonymous_380)
FN:22,(anonymous_381)
FN:22,(anonymous_382)
FN:22,(anonymous_383)
FN:22,(anonymous_384)
FN:22,Wr
FN:22,(anonymous_386)
FN:22,ss
FN:22,(anonymous_388)
FN:22,(anonymous_389)
FN:22,ec
FN:22,di
FN:22,(anonymous_392)
FN:22,(anonymous_393)
FN:22,(anonymous_394)
FN:22,(anonymous_395)
FN:22,(anonymous_396)
FN:22,gi
FN:22,Xr
FN:22,(anonymous_399)
FN:22,(anonymous_400)
FN:22,(anonymous_401)
FN:22,(anonymous_402)
FN:22,(anonymous_403)
FN:22,(anonymous_404)
FN:22,(anonymous_405)
FN:22,(anonymous_406)
FN:22,(anonymous_407)
FN:22,nr
FN:22,(anonymous_409)
FN:22,tc
FN:22,(anonymous_411)
FN:22,(anonymous_412)
FN:22,(anonymous_413)
FN:22,(anonymous_414)
FN:22,(anonymous_415)
FN:22,(anonymous_416)
FN:22,(anonymous_417)
FN:22,as
FN:22,Ei
FN:22,bi
FN:22,et
FN:22,(anonymous_422)
FN:22,(anonymous_423)
FN:22,ne
FN:22,(anonymous_425)
FN:22,(anonymous_426)
FN:22,(anonymous_427)
FN:22,(anonymous_428)
FN:22,(anonymous_429)
FN:22,(anonymous_430)
FN:22,ir
FN:22,(anonymous_432)
FN:22,(anonymous_433)
FN:22,(anonymous_434)
FN:22,(anonymous_435)
FN:22,Ht
FN:22,(anonymous_437)
FN:22,(anonymous_438)
FN:22,(anonymous_439)
FN:22,(anonymous_440)
FN:22,Pe
FN:22,(anonymous_442)
FN:22,(anonymous_443)
FN:22,(anonymous_444)
FN:22,(anonymous_445)
FN:22,(anonymous_446)
FN:22,(anonymous_447)
FN:22,(anonymous_448)
FN:22,nc
FN:22,cs
FN:22,(anonymous_451)
FN:22,rt
FN:22,(anonymous_453)
FN:22,(anonymous_454)
FN:22,(anonymous_455)
FN:22,Er
FN:22,(anonymous_457)
FN:22,(anonymous_458)
FN:22,(anonymous_459)
FN:22,(anonymous_460)
FN:22,(anonymous_461)
FN:22,(anonymous_462)
FN:22,(anonymous_463)
FN:22,(anonymous_464)
FN:22,(anonymous_465)
FN:22,(anonymous_466)
FN:22,(anonymous_467)
FN:23,(anonymous_468)
FN:23,(anonymous_469)
FN:23,ps
FN:23,wr
FN:23,Wt
FN:23,(anonymous_473)
FN:23,(anonymous_474)
FN:23,(anonymous_475)
FN:23,(anonymous_476)
FN:23,(anonymous_477)
FN:23,(anonymous_478)
FN:23,(anonymous_479)
FN:23,(anonymous_480)
FN:23,(anonymous_481)
FN:23,(anonymous_482)
FN:23,(anonymous_483)
FN:23,(anonymous_484)
FN:23,(anonymous_485)
FN:23,(anonymous_486)
FN:23,(anonymous_487)
FN:23,(anonymous_488)
FN:23,(anonymous_489)
FN:23,(anonymous_490)
FN:23,(anonymous_491)
FN:23,(anonymous_492)
FN:23,(anonymous_493)
FN:23,(anonymous_494)
FN:23,(anonymous_495)
FN:23,(anonymous_496)
FN:23,(anonymous_497)
FN:23,(anonymous_498)
FN:23,(anonymous_499)
FN:23,(anonymous_500)
FN:23,(anonymous_501)
FN:23,(anonymous_502)
FN:23,(anonymous_503)
FN:23,(anonymous_504)
FN:23,(anonymous_505)
FN:23,(anonymous_506)
FN:23,(anonymous_507)
FN:23,(anonymous_508)
FN:23,(anonymous_509)
FN:23,(anonymous_510)
FN:23,(anonymous_511)
FN:23,(anonymous_512)
FN:23,(anonymous_513)
FN:23,(anonymous_514)
FN:23,(anonymous_515)
FN:23,(anonymous_516)
FN:23,(anonymous_517)
FN:23,(anonymous_518)
FN:23,(anonymous_519)
FN:23,(anonymous_520)
FN:23,(anonymous_521)
FN:23,(anonymous_522)
FN:23,(anonymous_523)
FN:23,(anonymous_524)
FN:23,(anonymous_525)
FN:23,(anonymous_526)
FN:23,(anonymous_527)
FN:23,(anonymous_528)
FN:23,(anonymous_529)
FN:23,(anonymous_530)
FN:23,z
FN:23,se
FN:23,tt
FN:23,Kt
FN:23,uc
FN:23,(anonymous_536)
FN:23,e
FN:23,r
FN:23,t
FN:23,(anonymous_540)
FN:23,y
FN:23,ve
FN:23,en
FN:23,Zt
FN:23,ge
FN:23,ws
FN:23,Ue
FN:23,xs
FN:23,ms
FN:23,Ps
FN:23,vi
FN:23,Qe
FN:23,vs
FN:23,Ti
FN:23,cc
FN:23,pc
FN:23,Pr
FN:23,rn
FN:23,Ts
FN:23,Ci
FN:23,ds
FN:23,mc
FN:23,dc
FN:23,fc
FN:23,gc
FN:23,hc
FN:23,yc
FN:23,Ec
FN:23,bc
FN:23,wc
FN:23,xc
FN:23,Pc
FN:23,vc
FN:23,Tc
FN:23,Cc
FN:23,Rc
FN:23,Cs
FN:23,i
FN:23,Sc
FN:23,Ac
FN:23,Ic
FN:23,_c
FN:23,fs
FN:23,kc
FN:23,Dc
FN:23,Lc
FN:23,Nc
FN:23,Oc
FN:23,Fc
FN:23,Mc
FN:23,$c
FN:23,qc
FN:23,Bc
FN:23,Vc
FN:23,jc
FN:23,Uc
FN:23,Qc
FN:23,Gc
FN:23,Jc
FN:23,Hc
FN:23,Wc
FN:23,Kc
FN:23,zc
FN:23,vr
FN:23,(anonymous_605)
FN:23,(anonymous_606)
FN:23,Tr
FN:23,(anonymous_608)
FN:23,(anonymous_609)
FN:23,(anonymous_610)
FN:23,(anonymous_611)
FN:23,(anonymous_612)
FN:23,(anonymous_613)
FN:23,(anonymous_614)
FN:23,(anonymous_615)
FN:23,(anonymous_616)
FN:23,(anonymous_617)
FN:23,(anonymous_618)
FN:23,(anonymous_619)
FN:23,(anonymous_620)
FN:23,(anonymous_621)
FN:23,(anonymous_622)
FN:23,(anonymous_623)
FN:23,(anonymous_624)
FN:23,(anonymous_625)
FN:23,(anonymous_626)
FN:23,(anonymous_627)
FN:23,(anonymous_628)
FN:23,(anonymous_629)
FN:23,(anonymous_630)
FN:23,(anonymous_631)
FN:23,(anonymous_632)
FN:23,(anonymous_633)
FN:23,(anonymous_634)
FN:23,(anonymous_635)
FN:23,(anonymous_636)
FN:23,(anonymous_637)
FN:23,(anonymous_638)
FN:23,(anonymous_639)
FN:23,(anonymous_640)
FN:23,(anonymous_641)
FN:23,(anonymous_642)
FN:23,(anonymous_643)
FN:23,(anonymous_644)
FN:23,(anonymous_645)
FN:23,(anonymous_646)
FN:23,(anonymous_647)
FN:23,(anonymous_648)
FN:23,(anonymous_649)
FN:23,(anonymous_650)
FN:23,(anonymous_651)
FN:23,(anonymous_652)
FN:23,(anonymous_653)
FN:23,(anonymous_654)
FN:23,(anonymous_655)
FN:23,(anonymous_656)
FN:23,(anonymous_657)
FN:23,(anonymous_658)
FN:23,(anonymous_659)
FN:23,(anonymous_660)
FN:23,(anonymous_661)
FN:23,(anonymous_662)
FN:23,(anonymous_663)
FN:23,(anonymous_664)
FN:23,(anonymous_665)
FN:24,an
FN:24,As
FN:24,Is
FN:24,Zc
FN:24,_s
FN:24,sr
FN:24,ep
FN:25,ks
FN:26,(anonymous_674)
FN:26,np
FN:26,op
FN:26,lp
FN:26,cp
FN:26,mp
FN:26,(anonymous_680)
FN:26,(anonymous_681)
FN:26,(anonymous_682)
FN:26,(anonymous_683)
FN:26,We
FN:26,Sr
FN:26,(anonymous_686)
FN:26,fp
FN:26,ln
FN:26,(anonymous_689)
FN:26,Ls
FN:26,gp
FN:26,hp
FN:26,(anonymous_693)
FN:26,(anonymous_694)
FN:26,Ns
FN:26,yp
FN:26,Ep
FN:26,(anonymous_698)
FN:26,(anonymous_699)
FN:26,Os
FN:26,Fs
FN:26,(anonymous_702)
FN:26,(anonymous_703)
FN:26,(anonymous_704)
FN:26,Ms
FN:26,(anonymous_706)
FN:26,(anonymous_707)
FN:26,(anonymous_708)
FN:26,(anonymous_709)
FN:26,(anonymous_710)
FN:26,(anonymous_711)
FN:26,(anonymous_712)
FN:26,(anonymous_713)
FN:26,bp
FN:26,wp
FN:26,_i
FN:26,(anonymous_717)
FN:26,(anonymous_718)
FN:26,(anonymous_719)
FN:26,xp
FN:26,(anonymous_721)
FN:26,(anonymous_722)
FN:26,(anonymous_723)
FN:26,(anonymous_724)
FN:26,(anonymous_725)
FN:26,(anonymous_726)
FN:26,(anonymous_727)
FN:26,(anonymous_728)
FN:26,(anonymous_729)
FN:26,e
FN:26,(anonymous_731)
FN:26,(anonymous_732)
FN:26,(anonymous_733)
FN:26,(anonymous_734)
FN:26,e
FN:26,(anonymous_736)
FN:26,(anonymous_737)
FN:26,(anonymous_738)
FN:26,(anonymous_739)
FN:26,(anonymous_740)
FN:26,ye
FN:26,(anonymous_742)
FN:26,(anonymous_743)
FN:26,Tp
FN:26,Vs
FN:26,Cp
FN:26,(anonymous_747)
FN:26,Us
FN:26,(anonymous_749)
FN:26,(anonymous_750)
FN:26,(anonymous_751)
FN:26,(anonymous_752)
FN:26,(anonymous_753)
FN:26,(anonymous_754)
FN:26,(anonymous_755)
FN:26,(anonymous_756)
FN:26,(anonymous_757)
FN:26,(anonymous_758)
FN:26,(anonymous_759)
FN:28,(anonymous_760)
FN:29,(anonymous_761)
FN:30,(anonymous_762)
FN:30,(anonymous_763)
FN:30,(anonymous_764)
FN:30,(anonymous_765)
FN:30,(anonymous_766)
FN:30,(anonymous_767)
FN:30,(anonymous_768)
FN:30,Ap
FN:30,Ip
FN:30,(anonymous_771)
FN:30,(anonymous_772)
FN:30,(anonymous_773)
FN:30,_p
FN:30,kp
FN:30,Dp
FN:31,Lp
FN:31,Ar
FN:31,Js
FN:31,Np
FN:31,(anonymous_781)
FN:31,(anonymous_782)
FN:31,Re
FN:31,(anonymous_784)
FN:31,ki
FN:31,(anonymous_786)
FN:31,(anonymous_787)
FN:31,(anonymous_788)
FN:31,Mp
FN:31,(anonymous_790)
FN:31,(anonymous_791)
FN:31,(anonymous_792)
FN:31,(anonymous_793)
FN:31,(anonymous_794)
FN:31,(anonymous_795)
FN:31,$p
FN:31,qp
FN:31,(anonymous_798)
FN:31,Hs
FN:31,(anonymous_800)
FN:31,ot
FN:31,(anonymous_802)
FN:31,(anonymous_803)
FN:31,Bp
FN:31,(anonymous_805)
FN:31,(anonymous_806)
FN:31,(anonymous_807)
FN:31,Ws
FN:31,Ks
FN:31,zs
FN:31,(anonymous_811)
FN:31,Vp
FN:31,(anonymous_813)
FN:31,jp
FN:31,(anonymous_815)
FN:31,pn
FN:31,Ys
FN:31,(anonymous_818)
FN:31,Zs
FN:31,(anonymous_820)
FN:31,Xs
FN:31,Up
FN:31,st
FN:31,ra
FN:31,(anonymous_825)
FN:31,(anonymous_826)
FN:31,ta
FN:31,na
FN:31,(anonymous_829)
FN:31,ia
FN:31,(anonymous_831)
FN:31,(anonymous_832)
FN:31,(anonymous_833)
FN:31,oa
FN:31,(anonymous_835)
FN:31,aa
FN:31,Qp
FN:31,(anonymous_838)
FN:31,(anonymous_839)
FN:31,(anonymous_840)
FN:31,(anonymous_841)
FN:31,sa
FN:31,(anonymous_843)
FN:31,(anonymous_844)
FN:31,Gp
FN:31,(anonymous_846)
FN:31,la
FN:31,(anonymous_848)
FN:31,(anonymous_849)
FN:31,(anonymous_850)
FN:31,(anonymous_851)
FN:31,(anonymous_852)
FN:31,(anonymous_853)
FN:31,(anonymous_854)
FN:31,(anonymous_855)
FN:31,(anonymous_856)
FN:31,(anonymous_857)
FN:31,(anonymous_858)
FN:31,(anonymous_859)
FN:31,(anonymous_860)
FN:31,(anonymous_861)
FN:31,(anonymous_862)
FN:31,(anonymous_863)
FN:31,(anonymous_864)
FN:31,(anonymous_865)
FN:31,(anonymous_866)
FN:31,(anonymous_867)
FN:31,(anonymous_868)
FN:31,pa
FN:33,ma
FN:33,da
FN:33,fn
FN:33,gn
FN:35,Kp
FN:35,Ke
FN:35,ze
FN:36,(anonymous_877)
FN:37,fa
FN:42,hn
FN:43,yn
FN:45,ga
FN:52,ha
FN:52,(anonymous_883)
FN:57,ya
FN:64,(anonymous_885)
FN:64,ba
FN:64,(anonymous_887)
FN:64,(anonymous_888)
FN:64,Zp
FN:64,wa
FN:64,xa
FN:64,(anonymous_892)
FN:64,Pa
FN:65,(anonymous_894)
FN:66,Ta
FN:66,Ca
FN:110,Ir
FN:110,(anonymous_898)
FN:110,(anonymous_899)
FN:110,(anonymous_900)
FN:110,S
FN:110,(anonymous_902)
FN:110,(anonymous_903)
FN:110,(anonymous_904)
FN:110,(anonymous_905)
FN:110,(anonymous_906)
FN:110,(anonymous_907)
FN:110,(anonymous_908)
FN:110,(anonymous_909)
FN:110,(anonymous_910)
FN:110,(anonymous_911)
FN:110,(anonymous_912)
FN:110,(anonymous_913)
FN:110,(anonymous_914)
FN:110,(anonymous_915)
FN:110,(anonymous_916)
FN:110,(anonymous_917)
FN:110,rm
FN:110,Et
FN:110,Dr
FN:110,Ra
FN:110,(anonymous_922)
FN:110,(anonymous_923)
FN:110,Sa
FN:110,Aa
FN:110,(anonymous_926)
FN:110,tm
FN:110,Ia
FN:110,(anonymous_929)
FN:111,cr
FN:111,(anonymous_931)
FN:111,im
FN:111,om
FN:111,sm
FN:111,(anonymous_935)
FN:111,(anonymous_936)
FN:111,(anonymous_937)
FN:111,Bi
FN:111,(anonymous_939)
FN:111,(anonymous_940)
FN:111,(anonymous_941)
FN:111,(anonymous_942)
FN:111,(anonymous_943)
FN:111,(anonymous_944)
FN:111,(anonymous_945)
FN:111,(anonymous_946)
FN:111,(anonymous_947)
FN:111,(anonymous_948)
FN:111,(anonymous_949)
FN:111,(anonymous_950)
FN:111,um
FN:111,Da
FN:111,cm
FN:111,(anonymous_954)
FN:111,(anonymous_955)
FN:111,(anonymous_956)
FN:111,(anonymous_957)
FN:111,(anonymous_958)
FN:111,(anonymous_959)
FN:111,(anonymous_960)
FN:111,(anonymous_961)
FN:111,(anonymous_962)
FN:111,(anonymous_963)
FN:111,(anonymous_964)
FN:111,(anonymous_965)
FN:111,(anonymous_966)
FN:111,(anonymous_967)
FN:111,(anonymous_968)
FN:111,(anonymous_969)
FN:111,(anonymous_970)
FN:111,(anonymous_971)
FN:111,(anonymous_972)
FN:111,(anonymous_973)
FN:111,(anonymous_974)
FN:111,(anonymous_975)
FN:111,(anonymous_976)
FN:111,(anonymous_977)
FN:111,(anonymous_978)
FN:111,(anonymous_979)
FN:111,(anonymous_980)
FN:111,Na
FN:111,pm
FN:111,mm
FN:111,(anonymous_984)
FN:111,(anonymous_985)
FN:111,(anonymous_986)
FN:111,(anonymous_987)
FN:111,(anonymous_988)
FN:111,(anonymous_989)
FN:111,(anonymous_990)
FN:111,fm
FN:111,gm
FN:111,(anonymous_993)
FN:111,(anonymous_994)
FN:111,(anonymous_995)
FN:111,(anonymous_996)
FN:111,(anonymous_997)
FN:112,(anonymous_998)
FN:112,(anonymous_999)
FN:112,(anonymous_1000)
FN:112,(anonymous_1001)
FN:112,(anonymous_1002)
FN:112,(anonymous_1003)
FN:112,(anonymous_1004)
FN:112,(anonymous_1005)
FN:112,(anonymous_1006)
FN:112,(anonymous_1007)
FN:112,(anonymous_1008)
FN:112,(anonymous_1009)
FN:112,(anonymous_1010)
FN:112,(anonymous_1011)
FN:112,(anonymous_1012)
FN:113,(anonymous_1013)
FN:113,(anonymous_1014)
FN:113,(anonymous_1015)
FN:113,(anonymous_1016)
FN:113,(anonymous_1017)
FN:113,hm
FN:113,Hi
FN:113,Ba
FN:114,bn
FN:114,Qa
FN:114,(anonymous_1023)
FN:114,Ga
FN:114,(anonymous_1025)
FN:114,ym
FN:114,Em
FN:114,bm
FN:114,(anonymous_1029)
FN:114,ja
FN:114,Ua
FN:114,(anonymous_1032)
FN:114,(anonymous_1033)
FN:114,(anonymous_1034)
FN:114,(anonymous_1035)
FN:114,(anonymous_1036)
FN:114,(anonymous_1037)
FN:114,(anonymous_1038)
FN:114,(anonymous_1039)
FN:114,wn
FN:114,wm
FN:114,(anonymous_1042)
FN:114,xm
FN:114,(anonymous_1044)
FN:115,Pm
FN:115,(anonymous_1046)
FN:115,vm
FN:115,(anonymous_1048)
FN:115,Tm
FN:115,(anonymous_1050)
FN:115,(anonymous_1051)
FN:115,Cm
FN:115,(anonymous_1053)
FN:115,(anonymous_1054)
FN:115,Ha
FN:115,Rm
FN:115,(anonymous_1057)
FN:115,Wa
FN:115,Sm
FN:115,(anonymous_1060)
FN:115,(anonymous_1061)
FN:115,Am
FN:115,(anonymous_1063)
FN:115,(anonymous_1064)
FN:115,Im
FN:115,(anonymous_1066)
FN:115,_m
FN:115,(anonymous_1068)
FN:115,(anonymous_1069)
FN:115,km
FN:115,(anonymous_1071)
FN:115,(anonymous_1072)
FN:115,Ka
FN:115,Dm
FN:115,za
FN:115,Pn
FN:115,Pt
FN:115,vn
FN:115,Nm
FN:115,Tn
FN:115,Ya
FN:115,zi
FN:115,Fm
FN:115,Mm
FN:115,$m
FN:115,qm
FN:115,Za
FN:115,Xa
FN:115,Bm
FN:115,Vm
FN:115,jm
FN:115,(anonymous_1092)
FN:115,(anonymous_1093)
FN:115,(anonymous_1094)
FN:115,(anonymous_1095)
FN:115,(anonymous_1096)
FN:115,(anonymous_1097)
FN:115,(anonymous_1098)
FN:115,(anonymous_1099)
FN:115,(anonymous_1100)
FN:115,(anonymous_1101)
FN:115,(anonymous_1102)
FN:115,(anonymous_1103)
FN:115,(anonymous_1104)
FN:115,(anonymous_1105)
FN:115,(anonymous_1106)
FN:115,(anonymous_1107)
FN:115,vt
FN:115,tl
FN:115,(anonymous_1110)
FN:115,Um
FN:115,Qm
FN:115,il
FN:115,nl
FN:115,Yi
FN:122,(anonymous_1116)
FN:122,(anonymous_1117)
FN:122,(anonymous_1118)
FN:122,(anonymous_1119)
FN:122,(anonymous_1120)
FN:122,(anonymous_1121)
FN:122,Xi
FN:122,(anonymous_1123)
FN:122,(anonymous_1124)
FN:122,(anonymous_1125)
FN:122,(anonymous_1126)
FN:122,(anonymous_1127)
FN:122,(anonymous_1128)
FN:122,ll
FN:122,(anonymous_1130)
FN:122,(anonymous_1131)
FN:122,(anonymous_1132)
FN:122,(anonymous_1133)
FN:122,(anonymous_1134)
FN:122,(anonymous_1135)
FN:122,(anonymous_1136)
FN:122,(anonymous_1137)
FN:122,(anonymous_1138)
FN:122,(anonymous_1139)
FN:122,(anonymous_1140)
FN:122,cl
FN:122,pl
FN:122,(anonymous_1143)
FN:122,(anonymous_1144)
FN:122,(anonymous_1145)
FN:122,dl
FN:122,(anonymous_1147)
FN:122,(anonymous_1148)
FN:122,(anonymous_1149)
FN:122,(anonymous_1150)
FN:122,(anonymous_1151)
FN:122,(anonymous_1152)
FN:122,Rn
FN:122,Sn
FN:122,Hm
FN:122,Wm
FN:122,fl
FN:122,ro
FN:122,(anonymous_1159)
FN:122,to
FN:122,(anonymous_1161)
FN:122,(anonymous_1162)
FN:122,(anonymous_1163)
FN:122,(anonymous_1164)
FN:122,(anonymous_1165)
FN:122,(anonymous_1166)
FN:122,(anonymous_1167)
FN:122,(anonymous_1168)
FN:122,(anonymous_1169)
FN:122,(anonymous_1170)
FN:122,(anonymous_1171)
FN:122,(anonymous_1172)
FN:122,(anonymous_1173)
FN:122,(anonymous_1174)
FN:122,(anonymous_1175)
FN:122,(anonymous_1176)
FN:122,(anonymous_1177)
FN:122,(anonymous_1178)
FN:122,(anonymous_1179)
FN:122,(anonymous_1180)
FN:122,(anonymous_1181)
FN:122,(anonymous_1182)
FN:122,(anonymous_1183)
FN:122,(anonymous_1184)
FN:122,(anonymous_1185)
FN:122,(anonymous_1186)
FN:122,(anonymous_1187)
FN:122,(anonymous_1188)
FN:122,Ym
FN:122,hl
FN:122,Zm
FN:122,Xm
FN:122,yl
FN:122,wl
FN:122,(anonymous_1195)
FN:122,xl
FN:122,(anonymous_1197)
FN:123,(anonymous_1198)
FN:123,(anonymous_1199)
FN:126,(anonymous_1200)
FN:126,(anonymous_1201)
FN:127,(anonymous_1202)
FN:127,(anonymous_1203)
FN:127,r
FN:127,(anonymous_1205)
FN:127,(anonymous_1206)
FN:127,(anonymous_1207)
FN:127,Rl
FN:127,Lr
FN:127,td
FN:127,(anonymous_1211)
FN:127,(anonymous_1212)
FN:127,Sl
FN:127,(anonymous_1214)
FN:127,(anonymous_1215)
FN:127,(anonymous_1216)
FN:127,(anonymous_1217)
FN:127,(anonymous_1218)
FN:127,(anonymous_1219)
FN:127,(anonymous_1220)
FN:127,(anonymous_1221)
FN:127,Ll
FN:127,(anonymous_1223)
FN:127,(anonymous_1224)
FN:127,(anonymous_1225)
FN:127,(anonymous_1226)
FN:127,(anonymous_1227)
FN:127,(anonymous_1228)
FN:127,(anonymous_1229)
FN:127,(anonymous_1230)
FN:127,(anonymous_1231)
FN:127,(anonymous_1232)
FN:127,(anonymous_1233)
FN:127,(anonymous_1234)
FN:127,(anonymous_1235)
FN:127,(anonymous_1236)
FN:127,(anonymous_1237)
FN:127,(anonymous_1238)
FN:127,(anonymous_1239)
FN:127,(anonymous_1240)
FN:127,(anonymous_1241)
FN:127,(anonymous_1242)
FN:127,(anonymous_1243)
FN:127,(anonymous_1244)
FN:127,(anonymous_1245)
FN:127,(anonymous_1246)
FN:127,(anonymous_1247)
FN:127,(anonymous_1248)
FN:127,(anonymous_1249)
FN:127,(anonymous_1250)
FN:127,(anonymous_1251)
FN:127,(anonymous_1252)
FN:127,(anonymous_1253)
FN:127,(anonymous_1254)
FN:127,(anonymous_1255)
FN:127,(anonymous_1256)
FN:127,(anonymous_1257)
FN:127,(anonymous_1258)
FN:127,(anonymous_1259)
FN:127,(anonymous_1260)
FN:127,(anonymous_1261)
FN:127,(anonymous_1262)
FN:127,(anonymous_1263)
FN:128,(anonymous_1264)
FN:128,(anonymous_1265)
FN:128,Al
FN:128,sd
FN:128,Nl
FN:128,(anonymous_1269)
FN:128,Ol
FN:147,oo_cm
FNF:1272
FNH:245
FNDA:16,(anonymous_0)
FNDA:22,(anonymous_1)
FNDA:5,(anonymous_2)
FNDA:30,(anonymous_3)
FNDA:22,(anonymous_4)
FNDA:29,(anonymous_5)
FNDA:1,(anonymous_6)
FNDA:1,(anonymous_7)
FNDA:0,(anonymous_8)
FNDA:0,(anonymous_9)
FNDA:0,(anonymous_10)
FNDA:0,(anonymous_11)
FNDA:0,(anonymous_12)
FNDA:0,(anonymous_13)
FNDA:0,(anonymous_14)
FNDA:0,(anonymous_15)
FNDA:0,(anonymous_16)
FNDA:0,(anonymous_17)
FNDA:0,(anonymous_18)
FNDA:1,(anonymous_19)
FNDA:36,(anonymous_20)
FNDA:1,(anonymous_21)
FNDA:4,Gn
FNDA:4,Jn
FNDA:0,(anonymous_24)
FNDA:2,Su
FNDA:1,(anonymous_26)
FNDA:0,Lo
FNDA:0,(anonymous_28)
FNDA:2,Hn
FNDA:1,(anonymous_30)
FNDA:0,(anonymous_31)
FNDA:0,(anonymous_32)
FNDA:0,(anonymous_33)
FNDA:1,(anonymous_34)
FNDA:1,(anonymous_35)
FNDA:2,Fu
FNDA:0,zn
FNDA:2,Mu
FNDA:2,$u
FNDA:6,(anonymous_40)
FNDA:1,(anonymous_41)
FNDA:0,(anonymous_42)
FNDA:0,(anonymous_43)
FNDA:1,(anonymous_44)
FNDA:0,(anonymous_45)
FNDA:1,(anonymous_46)
FNDA:1,(anonymous_47)
FNDA:1,(anonymous_48)
FNDA:0,(anonymous_49)
FNDA:1,(anonymous_50)
FNDA:0,(anonymous_51)
FNDA:1,(anonymous_52)
FNDA:0,(anonymous_53)
FNDA:1,(anonymous_54)
FNDA:0,(anonymous_55)
FNDA:1,(anonymous_56)
FNDA:1,(anonymous_57)
FNDA:0,e
FNDA:0,(anonymous_59)
FNDA:1,(anonymous_60)
FNDA:1,(anonymous_61)
FNDA:1,(anonymous_62)
FNDA:0,(anonymous_63)
FNDA:1,(anonymous_64)
FNDA:1,(anonymous_65)
FNDA:1,(anonymous_66)
FNDA:1,(anonymous_67)
FNDA:1,(anonymous_68)
FNDA:1,(anonymous_69)
FNDA:1,(anonymous_70)
FNDA:0,(anonymous_71)
FNDA:1,(anonymous_72)
FNDA:1,(anonymous_73)
FNDA:1,(anonymous_74)
FNDA:1,(anonymous_75)
FNDA:1,(anonymous_76)
FNDA:1,(anonymous_77)
FNDA:1,(anonymous_78)
FNDA:1,(anonymous_79)
FNDA:1,(anonymous_80)
FNDA:1,(anonymous_81)
FNDA:1,(anonymous_82)
FNDA:1,(anonymous_83)
FNDA:1,(anonymous_84)
FNDA:0,io
FNDA:0,(anonymous_86)
FNDA:0,oo
FNDA:1,(anonymous_88)
FNDA:0,so
FNDA:0,(anonymous_90)
FNDA:0,(anonymous_91)
FNDA:0,(anonymous_92)
FNDA:0,(anonymous_93)
FNDA:0,(anonymous_94)
FNDA:0,(anonymous_95)
FNDA:0,(anonymous_96)
FNDA:0,(anonymous_97)
FNDA:0,(anonymous_98)
FNDA:0,(anonymous_99)
FNDA:0,(anonymous_100)
FNDA:0,(anonymous_101)
FNDA:0,(anonymous_102)
FNDA:0,(anonymous_103)
FNDA:0,(anonymous_104)
FNDA:0,(anonymous_105)
FNDA:0,(anonymous_106)
FNDA:0,(anonymous_107)
FNDA:0,(anonymous_108)
FNDA:0,(anonymous_109)
FNDA:0,(anonymous_110)
FNDA:0,(anonymous_111)
FNDA:0,(anonymous_112)
FNDA:0,(anonymous_113)
FNDA:0,(anonymous_114)
FNDA:0,(anonymous_115)
FNDA:0,(anonymous_116)
FNDA:0,(anonymous_117)
FNDA:26,F
FNDA:7,(anonymous_119)
FNDA:0,(anonymous_120)
FNDA:0,(anonymous_121)
FNDA:31,(anonymous_122)
FNDA:31,(anonymous_123)
FNDA:31,(anonymous_124)
FNDA:31,(anonymous_125)
FNDA:0,(anonymous_126)
FNDA:0,(anonymous_127)
FNDA:13,au
FNDA:0,(anonymous_129)
FNDA:16,(anonymous_130)
FNDA:0,(anonymous_131)
FNDA:0,(anonymous_132)
FNDA:0,(anonymous_133)
FNDA:2,(anonymous_134)
FNDA:0,(anonymous_135)
FNDA:0,lu
FNDA:0,(anonymous_137)
FNDA:0,go
FNDA:0,(anonymous_139)
FNDA:0,(anonymous_140)
FNDA:0,ho
FNDA:1,Fn
FNDA:1,It
FNDA:0,(anonymous_144)
FNDA:0,(anonymous_145)
FNDA:0,(anonymous_146)
FNDA:0,(anonymous_147)
FNDA:0,(anonymous_148)
FNDA:0,(anonymous_149)
FNDA:0,(anonymous_150)
FNDA:0,(anonymous_151)
FNDA:0,(anonymous_152)
FNDA:0,(anonymous_153)
FNDA:0,(anonymous_154)
FNDA:7,fe
FNDA:0,(anonymous_156)
FNDA:0,(anonymous_157)
FNDA:0,(anonymous_158)
FNDA:0,(anonymous_159)
FNDA:0,cu
FNDA:0,(anonymous_161)
FNDA:0,(anonymous_162)
FNDA:0,(anonymous_163)
FNDA:0,(anonymous_164)
FNDA:0,(anonymous_165)
FNDA:0,B
FNDA:0,(anonymous_167)
FNDA:0,(anonymous_168)
FNDA:0,(anonymous_169)
FNDA:0,(anonymous_170)
FNDA:0,(anonymous_171)
FNDA:0,pu
FNDA:0,(anonymous_173)
FNDA:0,(anonymous_174)
FNDA:0,(anonymous_175)
FNDA:0,(anonymous_176)
FNDA:0,(anonymous_177)
FNDA:0,(anonymous_178)
FNDA:7,k
FNDA:0,(anonymous_180)
FNDA:0,(anonymous_181)
FNDA:0,Eo
FNDA:0,(anonymous_183)
FNDA:0,(anonymous_184)
FNDA:0,(anonymous_185)
FNDA:0,(anonymous_186)
FNDA:0,Ee
FNDA:0,Xe
FNDA:0,qe
FNDA:0,(anonymous_190)
FNDA:1,(anonymous_191)
FNDA:0,(anonymous_192)
FNDA:0,(anonymous_193)
FNDA:0,(anonymous_194)
FNDA:0,(anonymous_195)
FNDA:0,(anonymous_196)
FNDA:0,(anonymous_197)
FNDA:0,(anonymous_198)
FNDA:0,(anonymous_199)
FNDA:0,(anonymous_200)
FNDA:0,(anonymous_201)
FNDA:0,(anonymous_202)
FNDA:0,(anonymous_203)
FNDA:0,(anonymous_204)
FNDA:0,(anonymous_205)
FNDA:1,(anonymous_206)
FNDA:0,(anonymous_207)
FNDA:0,(anonymous_208)
FNDA:0,(anonymous_209)
FNDA:0,(anonymous_210)
FNDA:0,(anonymous_211)
FNDA:0,(anonymous_212)
FNDA:0,(anonymous_213)
FNDA:0,(anonymous_214)
FNDA:0,(anonymous_215)
FNDA:0,(anonymous_216)
FNDA:0,(anonymous_217)
FNDA:0,(anonymous_218)
FNDA:0,(anonymous_219)
FNDA:0,(anonymous_220)
FNDA:0,(anonymous_221)
FNDA:0,(anonymous_222)
FNDA:0,(anonymous_223)
FNDA:0,(anonymous_224)
FNDA:0,(anonymous_225)
FNDA:0,(anonymous_226)
FNDA:0,(anonymous_227)
FNDA:0,(anonymous_228)
FNDA:0,(anonymous_229)
FNDA:1,(anonymous_230)
FNDA:0,(anonymous_231)
FNDA:0,(anonymous_232)
FNDA:0,(anonymous_233)
FNDA:0,(anonymous_234)
FNDA:0,(anonymous_235)
FNDA:0,(anonymous_236)
FNDA:0,(anonymous_237)
FNDA:0,(anonymous_238)
FNDA:0,(anonymous_239)
FNDA:0,(anonymous_240)
FNDA:0,(anonymous_241)
FNDA:0,(anonymous_242)
FNDA:0,(anonymous_243)
FNDA:0,(anonymous_244)
FNDA:0,(anonymous_245)
FNDA:0,(anonymous_246)
FNDA:0,(anonymous_247)
FNDA:0,(anonymous_248)
FNDA:0,(anonymous_249)
FNDA:0,(anonymous_250)
FNDA:0,(anonymous_251)
FNDA:0,(anonymous_252)
FNDA:0,mr
FNDA:0,(anonymous_254)
FNDA:0,(anonymous_255)
FNDA:0,(anonymous_256)
FNDA:0,(anonymous_257)
FNDA:0,(anonymous_258)
FNDA:0,(anonymous_259)
FNDA:0,(anonymous_260)
FNDA:0,(anonymous_261)
FNDA:0,(anonymous_262)
FNDA:0,(anonymous_263)
FNDA:0,Dt
FNDA:1,vo
FNDA:0,hu
FNDA:0,(anonymous_267)
FNDA:0,(anonymous_268)
FNDA:0,(anonymous_269)
FNDA:0,(anonymous_270)
FNDA:0,(anonymous_271)
FNDA:0,(anonymous_272)
FNDA:0,(anonymous_273)
FNDA:0,(anonymous_274)
FNDA:0,(anonymous_275)
FNDA:0,(anonymous_276)
FNDA:0,(anonymous_277)
FNDA:0,(anonymous_278)
FNDA:0,yu
FNDA:0,Eu
FNDA:0,bo
FNDA:0,To
FNDA:0,(anonymous_283)
FNDA:0,bu
FNDA:0,(anonymous_285)
FNDA:0,(anonymous_286)
FNDA:0,(anonymous_287)
FNDA:0,(anonymous_288)
FNDA:0,wu
FNDA:0,wo
FNDA:0,xu
FNDA:0,(anonymous_292)
FNDA:2,rr
FNDA:3,Pu
FNDA:1,jn
FNDA:3,Co
FNDA:1,vu
FNDA:0,(anonymous_298)
FNDA:0,(anonymous_299)
FNDA:0,Tu
FNDA:0,Ot
FNDA:0,(anonymous_302)
FNDA:0,Cu
FNDA:0,Ro
FNDA:0,Kn
FNDA:2,jo
FNDA:6,(anonymous_307)
FNDA:0,(anonymous_308)
FNDA:2,jr
FNDA:1,qu
FNDA:0,(anonymous_311)
FNDA:0,(anonymous_312)
FNDA:4,Uo
FNDA:3,Qo
FNDA:4,Bu
FNDA:1,Ur
FNDA:1,Vu
FNDA:0,zo
FNDA:0,ti
FNDA:0,ni
FNDA:0,(anonymous_321)
FNDA:0,(anonymous_322)
FNDA:0,(anonymous_323)
FNDA:0,(anonymous_324)
FNDA:0,(anonymous_325)
FNDA:0,(anonymous_326)
FNDA:0,(anonymous_327)
FNDA:0,(anonymous_328)
FNDA:0,(anonymous_329)
FNDA:0,(anonymous_330)
FNDA:0,(anonymous_331)
FNDA:0,(anonymous_332)
FNDA:0,(anonymous_333)
FNDA:1,(anonymous_334)
FNDA:1,(anonymous_335)
FNDA:0,ii
FNDA:0,ai
FNDA:0,(anonymous_338)
FNDA:0,(anonymous_339)
FNDA:0,Ju
FNDA:0,(anonymous_341)
FNDA:0,(anonymous_342)
FNDA:0,Hu
FNDA:0,(anonymous_344)
FNDA:0,(anonymous_345)
FNDA:0,Wu
FNDA:0,(anonymous_347)
FNDA:0,(anonymous_348)
FNDA:0,(anonymous_349)
FNDA:0,(anonymous_350)
FNDA:0,(anonymous_351)
FNDA:0,(anonymous_352)
FNDA:0,(anonymous_353)
FNDA:0,(anonymous_354)
FNDA:0,(anonymous_355)
FNDA:0,(anonymous_356)
FNDA:0,Ku
FNDA:0,li
FNDA:0,zu
FNDA:0,Yu
FNDA:0,Zu
FNDA:0,Vt
FNDA:0,tr
FNDA:0,ci
FNDA:0,(anonymous_365)
FNDA:0,(anonymous_366)
FNDA:1,hr
FNDA:0,mi
FNDA:23,w
FNDA:0,(anonymous_370)
FNDA:0,(anonymous_371)
FNDA:0,(anonymous_372)
FNDA:0,(anonymous_373)
FNDA:0,(anonymous_374)
FNDA:0,(anonymous_375)
FNDA:0,(anonymous_376)
FNDA:0,(anonymous_377)
FNDA:0,(anonymous_378)
FNDA:0,(anonymous_379)
FNDA:0,(anonymous_380)
FNDA:0,(anonymous_381)
FNDA:1,(anonymous_382)
FNDA:0,(anonymous_383)
FNDA:0,(anonymous_384)
FNDA:1,Wr
FNDA:0,(anonymous_386)
FNDA:1,ss
FNDA:0,(anonymous_388)
FNDA:0,(anonymous_389)
FNDA:0,ec
FNDA:0,di
FNDA:0,(anonymous_392)
FNDA:3,(anonymous_393)
FNDA:3,(anonymous_394)
FNDA:0,(anonymous_395)
FNDA:0,(anonymous_396)
FNDA:3,gi
FNDA:0,Xr
FNDA:0,(anonymous_399)
FNDA:0,(anonymous_400)
FNDA:0,(anonymous_401)
FNDA:0,(anonymous_402)
FNDA:0,(anonymous_403)
FNDA:0,(anonymous_404)
FNDA:0,(anonymous_405)
FNDA:0,(anonymous_406)
FNDA:0,(anonymous_407)
FNDA:0,nr
FNDA:0,(anonymous_409)
FNDA:0,tc
FNDA:0,(anonymous_411)
FNDA:1,(anonymous_412)
FNDA:0,(anonymous_413)
FNDA:0,(anonymous_414)
FNDA:0,(anonymous_415)
FNDA:0,(anonymous_416)
FNDA:0,(anonymous_417)
FNDA:0,as
FNDA:1,Ei
FNDA:0,bi
FNDA:1,et
FNDA:1,(anonymous_422)
FNDA:0,(anonymous_423)
FNDA:6,ne
FNDA:6,(anonymous_425)
FNDA:0,(anonymous_426)
FNDA:2,(anonymous_427)
FNDA:0,(anonymous_428)
FNDA:1,(anonymous_429)
FNDA:2,(anonymous_430)
FNDA:2,ir
FNDA:2,(anonymous_432)
FNDA:2,(anonymous_433)
FNDA:1,(anonymous_434)
FNDA:0,(anonymous_435)
FNDA:2,Ht
FNDA:0,(anonymous_437)
FNDA:0,(anonymous_438)
FNDA:0,(anonymous_439)
FNDA:0,(anonymous_440)
FNDA:2,Pe
FNDA:4,(anonymous_442)
FNDA:0,(anonymous_443)
FNDA:0,(anonymous_444)
FNDA:2,(anonymous_445)
FNDA:0,(anonymous_446)
FNDA:0,(anonymous_447)
FNDA:0,(anonymous_448)
FNDA:2,nc
FNDA:0,cs
FNDA:0,(anonymous_451)
FNDA:0,rt
FNDA:0,(anonymous_453)
FNDA:0,(anonymous_454)
FNDA:0,(anonymous_455)
FNDA:0,Er
FNDA:0,(anonymous_457)
FNDA:0,(anonymous_458)
FNDA:0,(anonymous_459)
FNDA:0,(anonymous_460)
FNDA:0,(anonymous_461)
FNDA:0,(anonymous_462)
FNDA:0,(anonymous_463)
FNDA:0,(anonymous_464)
FNDA:0,(anonymous_465)
FNDA:0,(anonymous_466)
FNDA:0,(anonymous_467)
FNDA:0,(anonymous_468)
FNDA:0,(anonymous_469)
FNDA:0,ps
FNDA:2,wr
FNDA:0,Wt
FNDA:0,(anonymous_473)
FNDA:0,(anonymous_474)
FNDA:0,(anonymous_475)
FNDA:0,(anonymous_476)
FNDA:0,(anonymous_477)
FNDA:0,(anonymous_478)
FNDA:0,(anonymous_479)
FNDA:0,(anonymous_480)
FNDA:0,(anonymous_481)
FNDA:0,(anonymous_482)
FNDA:0,(anonymous_483)
FNDA:0,(anonymous_484)
FNDA:0,(anonymous_485)
FNDA:0,(anonymous_486)
FNDA:0,(anonymous_487)
FNDA:0,(anonymous_488)
FNDA:0,(anonymous_489)
FNDA:0,(anonymous_490)
FNDA:0,(anonymous_491)
FNDA:0,(anonymous_492)
FNDA:0,(anonymous_493)
FNDA:0,(anonymous_494)
FNDA:0,(anonymous_495)
FNDA:0,(anonymous_496)
FNDA:0,(anonymous_497)
FNDA:0,(anonymous_498)
FNDA:0,(anonymous_499)
FNDA:0,(anonymous_500)
FNDA:0,(anonymous_501)
FNDA:0,(anonymous_502)
FNDA:0,(anonymous_503)
FNDA:0,(anonymous_504)
FNDA:0,(anonymous_505)
FNDA:0,(anonymous_506)
FNDA:0,(anonymous_507)
FNDA:0,(anonymous_508)
FNDA:0,(anonymous_509)
FNDA:0,(anonymous_510)
FNDA:0,(anonymous_511)
FNDA:0,(anonymous_512)
FNDA:0,(anonymous_513)
FNDA:0,(anonymous_514)
FNDA:0,(anonymous_515)
FNDA:0,(anonymous_516)
FNDA:0,(anonymous_517)
FNDA:0,(anonymous_518)
FNDA:0,(anonymous_519)
FNDA:0,(anonymous_520)
FNDA:0,(anonymous_521)
FNDA:0,(anonymous_522)
FNDA:0,(anonymous_523)
FNDA:0,(anonymous_524)
FNDA:0,(anonymous_525)
FNDA:0,(anonymous_526)
FNDA:0,(anonymous_527)
FNDA:0,(anonymous_528)
FNDA:0,(anonymous_529)
FNDA:0,(anonymous_530)
FNDA:0,z
FNDA:0,se
FNDA:0,tt
FNDA:0,Kt
FNDA:0,uc
FNDA:1,(anonymous_536)
FNDA:0,e
FNDA:0,r
FNDA:0,t
FNDA:0,(anonymous_540)
FNDA:0,y
FNDA:0,ve
FNDA:0,en
FNDA:0,Zt
FNDA:0,ge
FNDA:0,ws
FNDA:0,Ue
FNDA:0,xs
FNDA:0,ms
FNDA:0,Ps
FNDA:0,vi
FNDA:0,Qe
FNDA:0,vs
FNDA:2,Ti
FNDA:0,cc
FNDA:0,pc
FNDA:0,Pr
FNDA:0,rn
FNDA:0,Ts
FNDA:0,Ci
FNDA:0,ds
FNDA:0,mc
FNDA:0,dc
FNDA:0,fc
FNDA:0,gc
FNDA:0,hc
FNDA:0,yc
FNDA:0,Ec
FNDA:0,bc
FNDA:0,wc
FNDA:0,xc
FNDA:0,Pc
FNDA:0,vc
FNDA:1,Tc
FNDA:0,Cc
FNDA:0,Rc
FNDA:1,Cs
FNDA:2,i
FNDA:0,Sc
FNDA:0,Ac
FNDA:0,Ic
FNDA:0,_c
FNDA:4,fs
FNDA:0,kc
FNDA:0,Dc
FNDA:0,Lc
FNDA:0,Nc
FNDA:0,Oc
FNDA:0,Fc
FNDA:0,Mc
FNDA:0,$c
FNDA:0,qc
FNDA:0,Bc
FNDA:0,Vc
FNDA:0,jc
FNDA:0,Uc
FNDA:0,Qc
FNDA:0,Gc
FNDA:0,Jc
FNDA:0,Hc
FNDA:0,Wc
FNDA:0,Kc
FNDA:0,zc
FNDA:2,vr
FNDA:0,(anonymous_605)
FNDA:0,(anonymous_606)
FNDA:2,Tr
FNDA:0,(anonymous_608)
FNDA:0,(anonymous_609)
FNDA:0,(anonymous_610)
FNDA:0,(anonymous_611)
FNDA:0,(anonymous_612)
FNDA:0,(anonymous_613)
FNDA:0,(anonymous_614)
FNDA:0,(anonymous_615)
FNDA:0,(anonymous_616)
FNDA:0,(anonymous_617)
FNDA:0,(anonymous_618)
FNDA:0,(anonymous_619)
FNDA:0,(anonymous_620)
FNDA:0,(anonymous_621)
FNDA:0,(anonymous_622)
FNDA:0,(anonymous_623)
FNDA:0,(anonymous_624)
FNDA:0,(anonymous_625)
FNDA:0,(anonymous_626)
FNDA:0,(anonymous_627)
FNDA:0,(anonymous_628)
FNDA:0,(anonymous_629)
FNDA:0,(anonymous_630)
FNDA:0,(anonymous_631)
FNDA:0,(anonymous_632)
FNDA:0,(anonymous_633)
FNDA:0,(anonymous_634)
FNDA:0,(anonymous_635)
FNDA:0,(anonymous_636)
FNDA:0,(anonymous_637)
FNDA:0,(anonymous_638)
FNDA:0,(anonymous_639)
FNDA:0,(anonymous_640)
FNDA:0,(anonymous_641)
FNDA:0,(anonymous_642)
FNDA:0,(anonymous_643)
FNDA:0,(anonymous_644)
FNDA:0,(anonymous_645)
FNDA:0,(anonymous_646)
FNDA:0,(anonymous_647)
FNDA:0,(anonymous_648)
FNDA:0,(anonymous_649)
FNDA:0,(anonymous_650)
FNDA:0,(anonymous_651)
FNDA:0,(anonymous_652)
FNDA:0,(anonymous_653)
FNDA:0,(anonymous_654)
FNDA:0,(anonymous_655)
FNDA:0,(anonymous_656)
FNDA:0,(anonymous_657)
FNDA:0,(anonymous_658)
FNDA:0,(anonymous_659)
FNDA:0,(anonymous_660)
FNDA:0,(anonymous_661)
FNDA:0,(anonymous_662)
FNDA:0,(anonymous_663)
FNDA:0,(anonymous_664)
FNDA:0,(anonymous_665)
FNDA:0,an
FNDA:0,As
FNDA:0,Is
FNDA:0,Zc
FNDA:0,_s
FNDA:0,sr
FNDA:0,ep
FNDA:0,ks
FNDA:0,(anonymous_674)
FNDA:0,np
FNDA:0,op
FNDA:0,lp
FNDA:0,cp
FNDA:0,mp
FNDA:0,(anonymous_680)
FNDA:4,(anonymous_681)
FNDA:0,(anonymous_682)
FNDA:0,(anonymous_683)
FNDA:4,We
FNDA:0,Sr
FNDA:0,(anonymous_686)
FNDA:0,fp
FNDA:0,ln
FNDA:0,(anonymous_689)
FNDA:0,Ls
FNDA:0,gp
FNDA:0,hp
FNDA:0,(anonymous_693)
FNDA:0,(anonymous_694)
FNDA:0,Ns
FNDA:0,yp
FNDA:0,Ep
FNDA:0,(anonymous_698)
FNDA:0,(anonymous_699)
FNDA:0,Os
FNDA:0,Fs
FNDA:0,(anonymous_702)
FNDA:0,(anonymous_703)
FNDA:0,(anonymous_704)
FNDA:0,Ms
FNDA:0,(anonymous_706)
FNDA:0,(anonymous_707)
FNDA:0,(anonymous_708)
FNDA:2,(anonymous_709)
FNDA:2,(anonymous_710)
FNDA:0,(anonymous_711)
FNDA:0,(anonymous_712)
FNDA:0,(anonymous_713)
FNDA:2,bp
FNDA:2,wp
FNDA:2,_i
FNDA:22,(anonymous_717)
FNDA:2,(anonymous_718)
FNDA:2,(anonymous_719)
FNDA:2,xp
FNDA:22,(anonymous_721)
FNDA:8,(anonymous_722)
FNDA:0,(anonymous_723)
FNDA:0,(anonymous_724)
FNDA:0,(anonymous_725)
FNDA:0,(anonymous_726)
FNDA:0,(anonymous_727)
FNDA:159,(anonymous_728)
FNDA:83,(anonymous_729)
FNDA:80,e
FNDA:12,(anonymous_731)
FNDA:2,(anonymous_732)
FNDA:1,(anonymous_733)
FNDA:79,(anonymous_734)
FNDA:25,e
FNDA:0,(anonymous_736)
FNDA:0,(anonymous_737)
FNDA:0,(anonymous_738)
FNDA:0,(anonymous_739)
FNDA:0,(anonymous_740)
FNDA:0,ye
FNDA:0,(anonymous_742)
FNDA:0,(anonymous_743)
FNDA:0,Tp
FNDA:0,Vs
FNDA:0,Cp
FNDA:0,(anonymous_747)
FNDA:0,Us
FNDA:0,(anonymous_749)
FNDA:0,(anonymous_750)
FNDA:0,(anonymous_751)
FNDA:0,(anonymous_752)
FNDA:0,(anonymous_753)
FNDA:0,(anonymous_754)
FNDA:0,(anonymous_755)
FNDA:0,(anonymous_756)
FNDA:0,(anonymous_757)
FNDA:0,(anonymous_758)
FNDA:0,(anonymous_759)
FNDA:0,(anonymous_760)
FNDA:0,(anonymous_761)
FNDA:0,(anonymous_762)
FNDA:0,(anonymous_763)
FNDA:0,(anonymous_764)
FNDA:0,(anonymous_765)
FNDA:0,(anonymous_766)
FNDA:0,(anonymous_767)
FNDA:0,(anonymous_768)
FNDA:0,Ap
FNDA:0,Ip
FNDA:0,(anonymous_771)
FNDA:0,(anonymous_772)
FNDA:0,(anonymous_773)
FNDA:0,_p
FNDA:0,kp
FNDA:0,Dp
FNDA:0,Lp
FNDA:0,Ar
FNDA:2,Js
FNDA:0,Np
FNDA:0,(anonymous_781)
FNDA:0,(anonymous_782)
FNDA:7,Re
FNDA:7,(anonymous_784)
FNDA:1,ki
FNDA:0,(anonymous_786)
FNDA:0,(anonymous_787)
FNDA:0,(anonymous_788)
FNDA:1,Mp
FNDA:1,(anonymous_790)
FNDA:2,(anonymous_791)
FNDA:2,(anonymous_792)
FNDA:2,(anonymous_793)
FNDA:2,(anonymous_794)
FNDA:2,(anonymous_795)
FNDA:0,$p
FNDA:1,qp
FNDA:0,(anonymous_798)
FNDA:1,Hs
FNDA:1,(anonymous_800)
FNDA:1,ot
FNDA:0,(anonymous_802)
FNDA:0,(anonymous_803)
FNDA:1,Bp
FNDA:1,(anonymous_805)
FNDA:1,(anonymous_806)
FNDA:0,(anonymous_807)
FNDA:0,Ws
FNDA:0,Ks
FNDA:0,zs
FNDA:0,(anonymous_811)
FNDA:0,Vp
FNDA:0,(anonymous_813)
FNDA:0,jp
FNDA:0,(anonymous_815)
FNDA:0,pn
FNDA:0,Ys
FNDA:0,(anonymous_818)
FNDA:2,Zs
FNDA:0,(anonymous_820)
FNDA:0,Xs
FNDA:0,Up
FNDA:0,st
FNDA:0,ra
FNDA:0,(anonymous_825)
FNDA:0,(anonymous_826)
FNDA:2,ta
FNDA:1,na
FNDA:0,(anonymous_829)
FNDA:0,ia
FNDA:0,(anonymous_831)
FNDA:0,(anonymous_832)
FNDA:0,(anonymous_833)
FNDA:0,oa
FNDA:0,(anonymous_835)
FNDA:0,aa
FNDA:0,Qp
FNDA:0,(anonymous_838)
FNDA:0,(anonymous_839)
FNDA:0,(anonymous_840)
FNDA:0,(anonymous_841)
FNDA:0,sa
FNDA:0,(anonymous_843)
FNDA:0,(anonymous_844)
FNDA:0,Gp
FNDA:0,(anonymous_846)
FNDA:0,la
FNDA:0,(anonymous_848)
FNDA:0,(anonymous_849)
FNDA:0,(anonymous_850)
FNDA:0,(anonymous_851)
FNDA:0,(anonymous_852)
FNDA:0,(anonymous_853)
FNDA:0,(anonymous_854)
FNDA:0,(anonymous_855)
FNDA:0,(anonymous_856)
FNDA:0,(anonymous_857)
FNDA:0,(anonymous_858)
FNDA:1,(anonymous_859)
FNDA:1,(anonymous_860)
FNDA:0,(anonymous_861)
FNDA:4,(anonymous_862)
FNDA:0,(anonymous_863)
FNDA:0,(anonymous_864)
FNDA:1,(anonymous_865)
FNDA:1,(anonymous_866)
FNDA:0,(anonymous_867)
FNDA:0,(anonymous_868)
FNDA:1,pa
FNDA:1,ma
FNDA:0,da
FNDA:0,fn
FNDA:0,gn
FNDA:0,Kp
FNDA:0,Ke
FNDA:0,ze
FNDA:0,(anonymous_877)
FNDA:0,fa
FNDA:0,hn
FNDA:0,yn
FNDA:0,ga
FNDA:0,ha
FNDA:0,(anonymous_883)
FNDA:0,ya
FNDA:0,(anonymous_885)
FNDA:1,ba
FNDA:0,(anonymous_887)
FNDA:0,(anonymous_888)
FNDA:1,Zp
FNDA:1,wa
FNDA:0,xa
FNDA:0,(anonymous_892)
FNDA:0,Pa
FNDA:0,(anonymous_894)
FNDA:0,Ta
FNDA:0,Ca
FNDA:1,Ir
FNDA:0,(anonymous_898)
FNDA:0,(anonymous_899)
FNDA:0,(anonymous_900)
FNDA:0,S
FNDA:0,(anonymous_902)
FNDA:0,(anonymous_903)
FNDA:0,(anonymous_904)
FNDA:0,(anonymous_905)
FNDA:0,(anonymous_906)
FNDA:0,(anonymous_907)
FNDA:0,(anonymous_908)
FNDA:0,(anonymous_909)
FNDA:0,(anonymous_910)
FNDA:0,(anonymous_911)
FNDA:0,(anonymous_912)
FNDA:0,(anonymous_913)
FNDA:0,(anonymous_914)
FNDA:0,(anonymous_915)
FNDA:0,(anonymous_916)
FNDA:0,(anonymous_917)
FNDA:0,rm
FNDA:0,Et
FNDA:0,Dr
FNDA:0,Ra
FNDA:0,(anonymous_922)
FNDA:0,(anonymous_923)
FNDA:0,Sa
FNDA:0,Aa
FNDA:0,(anonymous_926)
FNDA:0,tm
FNDA:0,Ia
FNDA:0,(anonymous_929)
FNDA:0,cr
FNDA:0,(anonymous_931)
FNDA:0,im
FNDA:0,om
FNDA:0,sm
FNDA:0,(anonymous_935)
FNDA:0,(anonymous_936)
FNDA:0,(anonymous_937)
FNDA:0,Bi
FNDA:0,(anonymous_939)
FNDA:0,(anonymous_940)
FNDA:0,(anonymous_941)
FNDA:0,(anonymous_942)
FNDA:0,(anonymous_943)
FNDA:0,(anonymous_944)
FNDA:0,(anonymous_945)
FNDA:0,(anonymous_946)
FNDA:0,(anonymous_947)
FNDA:0,(anonymous_948)
FNDA:0,(anonymous_949)
FNDA:0,(anonymous_950)
FNDA:0,um
FNDA:0,Da
FNDA:0,cm
FNDA:0,(anonymous_954)
FNDA:0,(anonymous_955)
FNDA:0,(anonymous_956)
FNDA:0,(anonymous_957)
FNDA:0,(anonymous_958)
FNDA:0,(anonymous_959)
FNDA:0,(anonymous_960)
FNDA:0,(anonymous_961)
FNDA:0,(anonymous_962)
FNDA:0,(anonymous_963)
FNDA:0,(anonymous_964)
FNDA:0,(anonymous_965)
FNDA:0,(anonymous_966)
FNDA:0,(anonymous_967)
FNDA:0,(anonymous_968)
FNDA:0,(anonymous_969)
FNDA:0,(anonymous_970)
FNDA:0,(anonymous_971)
FNDA:0,(anonymous_972)
FNDA:0,(anonymous_973)
FNDA:0,(anonymous_974)
FNDA:0,(anonymous_975)
FNDA:0,(anonymous_976)
FNDA:0,(anonymous_977)
FNDA:0,(anonymous_978)
FNDA:0,(anonymous_979)
FNDA:0,(anonymous_980)
FNDA:0,Na
FNDA:1,pm
FNDA:1,mm
FNDA:1,(anonymous_984)
FNDA:1,(anonymous_985)
FNDA:0,(anonymous_986)
FNDA:0,(anonymous_987)
FNDA:0,(anonymous_988)
FNDA:0,(anonymous_989)
FNDA:0,(anonymous_990)
FNDA:0,fm
FNDA:0,gm
FNDA:1,(anonymous_993)
FNDA:1,(anonymous_994)
FNDA:0,(anonymous_995)
FNDA:1,(anonymous_996)
FNDA:1,(anonymous_997)
FNDA:2,(anonymous_998)
FNDA:1,(anonymous_999)
FNDA:0,(anonymous_1000)
FNDA:0,(anonymous_1001)
FNDA:0,(anonymous_1002)
FNDA:0,(anonymous_1003)
FNDA:0,(anonymous_1004)
FNDA:2,(anonymous_1005)
FNDA:1,(anonymous_1006)
FNDA:0,(anonymous_1007)
FNDA:0,(anonymous_1008)
FNDA:0,(anonymous_1009)
FNDA:1,(anonymous_1010)
FNDA:0,(anonymous_1011)
FNDA:2,(anonymous_1012)
FNDA:0,(anonymous_1013)
FNDA:0,(anonymous_1014)
FNDA:0,(anonymous_1015)
FNDA:0,(anonymous_1016)
FNDA:0,(anonymous_1017)
FNDA:0,hm
FNDA:0,Hi
FNDA:1,Ba
FNDA:1,bn
FNDA:0,Qa
FNDA:0,(anonymous_1023)
FNDA:0,Ga
FNDA:0,(anonymous_1025)
FNDA:0,ym
FNDA:0,Em
FNDA:0,bm
FNDA:0,(anonymous_1029)
FNDA:0,ja
FNDA:0,Ua
FNDA:0,(anonymous_1032)
FNDA:0,(anonymous_1033)
FNDA:0,(anonymous_1034)
FNDA:0,(anonymous_1035)
FNDA:0,(anonymous_1036)
FNDA:0,(anonymous_1037)
FNDA:0,(anonymous_1038)
FNDA:0,(anonymous_1039)
FNDA:0,wn
FNDA:0,wm
FNDA:0,(anonymous_1042)
FNDA:0,xm
FNDA:0,(anonymous_1044)
FNDA:0,Pm
FNDA:0,(anonymous_1046)
FNDA:0,vm
FNDA:0,(anonymous_1048)
FNDA:0,Tm
FNDA:0,(anonymous_1050)
FNDA:0,(anonymous_1051)
FNDA:0,Cm
FNDA:0,(anonymous_1053)
FNDA:0,(anonymous_1054)
FNDA:0,Ha
FNDA:0,Rm
FNDA:0,(anonymous_1057)
FNDA:0,Wa
FNDA:0,Sm
FNDA:0,(anonymous_1060)
FNDA:0,(anonymous_1061)
FNDA:0,Am
FNDA:0,(anonymous_1063)
FNDA:0,(anonymous_1064)
FNDA:0,Im
FNDA:0,(anonymous_1066)
FNDA:0,_m
FNDA:0,(anonymous_1068)
FNDA:0,(anonymous_1069)
FNDA:0,km
FNDA:0,(anonymous_1071)
FNDA:0,(anonymous_1072)
FNDA:0,Ka
FNDA:0,Dm
FNDA:0,za
FNDA:0,Pn
FNDA:0,Pt
FNDA:0,vn
FNDA:0,Nm
FNDA:0,Tn
FNDA:2,Ya
FNDA:2,zi
FNDA:2,Fm
FNDA:2,Mm
FNDA:0,$m
FNDA:0,qm
FNDA:4,Za
FNDA:4,Xa
FNDA:0,Bm
FNDA:2,Vm
FNDA:2,jm
FNDA:6,(anonymous_1092)
FNDA:0,(anonymous_1093)
FNDA:0,(anonymous_1094)
FNDA:0,(anonymous_1095)
FNDA:0,(anonymous_1096)
FNDA:0,(anonymous_1097)
FNDA:0,(anonymous_1098)
FNDA:2,(anonymous_1099)
FNDA:0,(anonymous_1100)
FNDA:0,(anonymous_1101)
FNDA:0,(anonymous_1102)
FNDA:0,(anonymous_1103)
FNDA:4,(anonymous_1104)
FNDA:0,(anonymous_1105)
FNDA:0,(anonymous_1106)
FNDA:0,(anonymous_1107)
FNDA:0,vt
FNDA:0,tl
FNDA:0,(anonymous_1110)
FNDA:0,Um
FNDA:0,Qm
FNDA:0,il
FNDA:0,nl
FNDA:0,Yi
FNDA:0,(anonymous_1116)
FNDA:0,(anonymous_1117)
FNDA:0,(anonymous_1118)
FNDA:0,(anonymous_1119)
FNDA:0,(anonymous_1120)
FNDA:0,(anonymous_1121)
FNDA:1,Xi
FNDA:2,(anonymous_1123)
FNDA:2,(anonymous_1124)
FNDA:2,(anonymous_1125)
FNDA:0,(anonymous_1126)
FNDA:0,(anonymous_1127)
FNDA:0,(anonymous_1128)
FNDA:2,ll
FNDA:0,(anonymous_1130)
FNDA:3,(anonymous_1131)
FNDA:0,(anonymous_1132)
FNDA:4,(anonymous_1133)
FNDA:6,(anonymous_1134)
FNDA:0,(anonymous_1135)
FNDA:0,(anonymous_1136)
FNDA:0,(anonymous_1137)
FNDA:0,(anonymous_1138)
FNDA:0,(anonymous_1139)
FNDA:0,(anonymous_1140)
FNDA:1,cl
FNDA:0,pl
FNDA:0,(anonymous_1143)
FNDA:0,(anonymous_1144)
FNDA:0,(anonymous_1145)
FNDA:0,dl
FNDA:0,(anonymous_1147)
FNDA:1,(anonymous_1148)
FNDA:0,(anonymous_1149)
FNDA:2,(anonymous_1150)
FNDA:0,(anonymous_1151)
FNDA:0,(anonymous_1152)
FNDA:0,Rn
FNDA:9,Sn
FNDA:1,Hm
FNDA:0,Wm
FNDA:2,fl
FNDA:6,ro
FNDA:8,(anonymous_1159)
FNDA:2,to
FNDA:1,(anonymous_1161)
FNDA:2,(anonymous_1162)
FNDA:2,(anonymous_1163)
FNDA:2,(anonymous_1164)
FNDA:2,(anonymous_1165)
FNDA:2,(anonymous_1166)
FNDA:0,(anonymous_1167)
FNDA:0,(anonymous_1168)
FNDA:0,(anonymous_1169)
FNDA:0,(anonymous_1170)
FNDA:0,(anonymous_1171)
FNDA:0,(anonymous_1172)
FNDA:1,(anonymous_1173)
FNDA:0,(anonymous_1174)
FNDA:0,(anonymous_1175)
FNDA:0,(anonymous_1176)
FNDA:0,(anonymous_1177)
FNDA:2,(anonymous_1178)
FNDA:2,(anonymous_1179)
FNDA:0,(anonymous_1180)
FNDA:2,(anonymous_1181)
FNDA:2,(anonymous_1182)
FNDA:0,(anonymous_1183)
FNDA:0,(anonymous_1184)
FNDA:0,(anonymous_1185)
FNDA:2,(anonymous_1186)
FNDA:0,(anonymous_1187)
FNDA:0,(anonymous_1188)
FNDA:0,Ym
FNDA:0,hl
FNDA:0,Zm
FNDA:0,Xm
FNDA:0,yl
FNDA:0,wl
FNDA:0,(anonymous_1195)
FNDA:0,xl
FNDA:0,(anonymous_1197)
FNDA:0,(anonymous_1198)
FNDA:0,(anonymous_1199)
FNDA:0,(anonymous_1200)
FNDA:0,(anonymous_1201)
FNDA:0,(anonymous_1202)
FNDA:0,(anonymous_1203)
FNDA:0,r
FNDA:0,(anonymous_1205)
FNDA:0,(anonymous_1206)
FNDA:0,(anonymous_1207)
FNDA:0,Rl
FNDA:0,Lr
FNDA:0,td
FNDA:0,(anonymous_1211)
FNDA:0,(anonymous_1212)
FNDA:0,Sl
FNDA:0,(anonymous_1214)
FNDA:0,(anonymous_1215)
FNDA:0,(anonymous_1216)
FNDA:0,(anonymous_1217)
FNDA:0,(anonymous_1218)
FNDA:2,(anonymous_1219)
FNDA:2,(anonymous_1220)
FNDA:0,(anonymous_1221)
FNDA:1,Ll
FNDA:1,(anonymous_1223)
FNDA:0,(anonymous_1224)
FNDA:0,(anonymous_1225)
FNDA:0,(anonymous_1226)
FNDA:0,(anonymous_1227)
FNDA:0,(anonymous_1228)
FNDA:0,(anonymous_1229)
FNDA:0,(anonymous_1230)
FNDA:0,(anonymous_1231)
FNDA:0,(anonymous_1232)
FNDA:0,(anonymous_1233)
FNDA:0,(anonymous_1234)
FNDA:0,(anonymous_1235)
FNDA:0,(anonymous_1236)
FNDA:0,(anonymous_1237)
FNDA:0,(anonymous_1238)
FNDA:0,(anonymous_1239)
FNDA:0,(anonymous_1240)
FNDA:0,(anonymous_1241)
FNDA:0,(anonymous_1242)
FNDA:0,(anonymous_1243)
FNDA:0,(anonymous_1244)
FNDA:0,(anonymous_1245)
FNDA:0,(anonymous_1246)
FNDA:0,(anonymous_1247)
FNDA:0,(anonymous_1248)
FNDA:0,(anonymous_1249)
FNDA:0,(anonymous_1250)
FNDA:0,(anonymous_1251)
FNDA:0,(anonymous_1252)
FNDA:0,(anonymous_1253)
FNDA:0,(anonymous_1254)
FNDA:0,(anonymous_1255)
FNDA:2,(anonymous_1256)
FNDA:2,(anonymous_1257)
FNDA:0,(anonymous_1258)
FNDA:0,(anonymous_1259)
FNDA:2,(anonymous_1260)
FNDA:2,(anonymous_1261)
FNDA:2,(anonymous_1262)
FNDA:2,(anonymous_1263)
FNDA:0,(anonymous_1264)
FNDA:0,(anonymous_1265)
FNDA:0,Al
FNDA:0,sd
FNDA:0,Nl
FNDA:0,(anonymous_1269)
FNDA:1,Ol
FNDA:0,oo_cm
DA:1,869
DA:2,6
DA:3,31
DA:4,16
DA:5,7
DA:6,3
DA:7,6
DA:8,1
DA:10,0
DA:14,0
DA:16,4
DA:19,1
DA:21,0
DA:22,36
DA:23,292
DA:24,1
DA:25,1
DA:26,159
DA:27,0
DA:28,0
DA:29,0
DA:30,1
DA:31,7
DA:33,1
DA:35,0
DA:36,0
DA:37,0
DA:42,0
DA:43,0
DA:45,0
DA:52,0
DA:57,0
DA:64,1
DA:65,0
DA:66,1
DA:69,0
DA:101,0
DA:110,1
DA:111,1
DA:112,2
DA:113,1
DA:114,1
DA:115,6
DA:122,9
DA:123,1
DA:124,0
DA:125,0
DA:126,0
DA:127,2
DA:128,1
DA:147,0
LF:51
LH:30
BRDA:1,0,0,22
BRDA:1,0,1,16
BRDA:1,1,0,30
BRDA:1,1,1,0
BRDA:1,2,0,30
BRDA:1,2,1,30
BRDA:1,2,2,9
BRDA:1,3,0,869
BRDA:1,3,1,868
BRDA:1,3,2,868
BRDA:1,4,0,868
BRDA:1,4,1,868
BRDA:1,5,0,29
BRDA:1,5,1,0
BRDA:1,6,0,27
BRDA:1,6,1,2
BRDA:1,7,0,29
BRDA:1,7,1,29
BRDA:1,7,2,29
BRDA:1,8,0,0
BRDA:1,8,1,0
BRDA:1,9,0,0
BRDA:1,9,1,0
BRDA:1,10,0,0
BRDA:1,10,1,0
BRDA:1,11,0,0
BRDA:1,11,1,0
BRDA:1,12,0,0
BRDA:1,12,1,0
BRDA:1,13,0,0
BRDA:1,13,1,0
BRDA:1,14,0,0
BRDA:1,14,1,0
BRDA:1,15,0,0
BRDA:1,16,0,0
BRDA:1,17,0,0
BRDA:1,18,0,0
BRDA:1,19,0,0
BRDA:1,19,1,1
BRDA:1,20,0,0
BRDA:1,20,1,1
BRDA:1,21,0,0
BRDA:1,21,1,0
BRDA:1,22,0,0
BRDA:1,22,1,0
BRDA:1,23,0,1
BRDA:1,23,1,0
BRDA:1,24,0,0
BRDA:1,25,0,0
BRDA:1,25,1,0
BRDA:1,26,0,0
BRDA:1,26,1,0
BRDA:1,27,0,0
BRDA:1,27,1,0
BRDA:1,28,0,0
BRDA:1,29,0,0
BRDA:1,30,0,0
BRDA:1,30,1,0
BRDA:1,31,0,0
BRDA:1,31,1,0
BRDA:1,31,2,0
BRDA:1,32,0,0
BRDA:1,32,1,0
BRDA:1,32,2,0
BRDA:1,33,0,0
BRDA:1,33,1,0
BRDA:1,34,0,0
BRDA:1,34,1,0
BRDA:1,35,0,0
BRDA:1,35,1,0
BRDA:1,36,0,36
BRDA:1,37,0,0
BRDA:1,37,1,36
BRDA:1,38,0,0
BRDA:1,38,1,36
BRDA:1,39,0,36
BRDA:1,39,1,0
BRDA:1,39,2,0
BRDA:1,40,0,0
BRDA:1,40,1,1
BRDA:1,41,0,1
BRDA:1,41,1,1
BRDA:1,41,2,1
BRDA:1,41,3,1
BRDA:1,42,0,1
BRDA:1,42,1,1
BRDA:1,42,2,1
BRDA:1,42,3,1
BRDA:1,42,4,0
BRDA:1,43,0,1
BRDA:1,43,1,0
BRDA:1,44,0,0
BRDA:1,44,1,0
BRDA:1,45,0,0
BRDA:1,45,1,0
BRDA:1,46,0,0
BRDA:1,46,1,0
BRDA:1,47,0,0
BRDA:1,47,1,4
BRDA:1,48,0,0
BRDA:1,48,1,4
BRDA:1,49,0,0
BRDA:1,49,1,4
BRDA:1,50,0,4
BRDA:1,50,1,4
BRDA:1,50,2,4
BRDA:1,51,0,0
BRDA:1,51,1,4
BRDA:1,52,0,0
BRDA:1,52,1,4
BRDA:1,53,0,4
BRDA:1,53,1,4
BRDA:1,53,2,0
BRDA:1,54,0,4
BRDA:1,54,1,4
BRDA:1,55,0,0
BRDA:1,55,1,4
BRDA:1,56,0,4
BRDA:1,56,1,0
BRDA:1,57,0,4
BRDA:1,57,1,0
BRDA:1,58,0,4
BRDA:1,58,1,4
BRDA:1,59,0,4
BRDA:1,59,1,0
BRDA:1,60,0,0
BRDA:1,60,1,0
BRDA:1,61,0,0
BRDA:1,61,1,0
BRDA:1,62,0,0
BRDA:1,62,1,0
BRDA:1,63,0,0
BRDA:1,63,1,0
BRDA:1,64,0,0
BRDA:1,64,1,0
BRDA:1,65,0,0
BRDA:1,65,1,0
BRDA:1,66,0,0
BRDA:1,66,1,0
BRDA:1,67,0,0
BRDA:1,67,1,0
BRDA:1,68,0,0
BRDA:1,68,1,0
BRDA:1,69,0,0
BRDA:1,69,1,0
BRDA:1,70,0,0
BRDA:1,70,1,0
BRDA:1,71,0,0
BRDA:1,71,1,0
BRDA:1,72,0,0
BRDA:1,72,1,0
BRDA:1,73,0,2
BRDA:1,73,1,2
BRDA:1,74,0,0
BRDA:1,74,1,0
BRDA:1,75,0,0
BRDA:1,75,1,0
BRDA:1,76,0,0
BRDA:1,76,1,2
BRDA:1,77,0,0
BRDA:1,77,1,0
BRDA:1,78,0,0
BRDA:1,78,1,2
BRDA:1,79,0,2
BRDA:1,79,1,2
BRDA:1,79,2,2
BRDA:1,79,3,2
BRDA:1,80,0,0
BRDA:1,80,1,2
BRDA:1,81,0,2
BRDA:1,81,1,2
BRDA:1,81,2,2
BRDA:1,82,0,2
BRDA:1,82,1,0
BRDA:1,83,0,2
BRDA:1,83,1,2
BRDA:1,83,2,2
BRDA:1,83,3,2
BRDA:1,83,4,0
BRDA:1,83,5,0
BRDA:1,84,0,0
BRDA:1,84,1,0
BRDA:1,85,0,0
BRDA:1,85,1,0
BRDA:1,85,2,0
BRDA:1,86,0,0
BRDA:1,86,1,0
BRDA:1,87,0,0
BRDA:1,87,1,0
BRDA:1,87,2,0
BRDA:1,88,0,0
BRDA:1,88,1,0
BRDA:1,89,0,0
BRDA:1,89,1,0
BRDA:1,90,0,0
BRDA:1,90,1,0
BRDA:1,91,0,0
BRDA:1,92,0,0
BRDA:1,93,0,0
BRDA:1,93,1,0
BRDA:1,94,0,0
BRDA:1,94,1,0
BRDA:1,95,0,0
BRDA:1,95,1,0
BRDA:1,96,0,0
BRDA:1,97,0,0
BRDA:2,98,0,6
BRDA:2,98,1,0
BRDA:2,99,0,6
BRDA:2,99,1,4
BRDA:3,100,0,0
BRDA:3,100,1,2
BRDA:3,101,0,2
BRDA:3,101,1,2
BRDA:3,102,0,2
BRDA:3,102,1,2
BRDA:3,103,0,2
BRDA:3,103,1,2
BRDA:3,104,0,2
BRDA:3,104,1,2
BRDA:3,105,0,2
BRDA:3,105,1,0
BRDA:3,106,0,3
BRDA:3,106,1,3
BRDA:3,107,0,3
BRDA:3,107,1,0
BRDA:3,108,0,3
BRDA:3,108,1,0
BRDA:3,109,0,0
BRDA:3,109,1,0
BRDA:3,110,0,0
BRDA:3,110,1,0
BRDA:3,111,0,0
BRDA:3,111,1,0
BRDA:3,112,0,0
BRDA:3,112,1,0
BRDA:3,113,0,0
BRDA:3,114,0,0
BRDA:3,114,1,0
BRDA:3,115,0,0
BRDA:3,115,1,0
BRDA:3,116,0,0
BRDA:3,116,1,0
BRDA:3,117,0,0
BRDA:3,117,1,0
BRDA:3,118,0,0
BRDA:3,118,1,0
BRDA:3,119,0,0
BRDA:3,120,0,0
BRDA:3,121,0,0
BRDA:3,121,1,0
BRDA:3,122,0,0
BRDA:3,122,1,0
BRDA:3,123,0,0
BRDA:3,124,0,0
BRDA:3,124,1,0
BRDA:3,125,0,0
BRDA:3,125,1,0
BRDA:3,126,0,0
BRDA:3,126,1,0
BRDA:3,127,0,0
BRDA:3,127,1,0
BRDA:3,128,0,0
BRDA:3,128,1,0
BRDA:3,129,0,0
BRDA:3,129,1,0
BRDA:3,130,0,0
BRDA:3,130,1,0
BRDA:3,131,0,0
BRDA:3,131,1,0
BRDA:3,132,0,0
BRDA:3,132,1,0
BRDA:3,133,0,0
BRDA:3,133,1,0
BRDA:3,134,0,0
BRDA:3,134,1,0
BRDA:3,135,0,0
BRDA:3,135,1,0
BRDA:3,136,0,0
BRDA:3,136,1,0
BRDA:3,137,0,0
BRDA:3,137,1,0
BRDA:3,138,0,0
BRDA:3,138,1,0
BRDA:3,139,0,0
BRDA:3,139,1,0
BRDA:3,140,0,0
BRDA:3,140,1,0
BRDA:3,141,0,0
BRDA:3,141,1,0
BRDA:3,142,0,1
BRDA:3,142,1,1
BRDA:3,143,0,1
BRDA:3,143,1,0
BRDA:3,144,0,1
BRDA:3,144,1,1
BRDA:3,145,0,1
BRDA:3,145,1,1
BRDA:3,145,2,1
BRDA:3,145,3,1
BRDA:3,145,4,0
BRDA:3,145,5,1
BRDA:3,146,0,0
BRDA:3,146,1,7
BRDA:3,147,0,7
BRDA:3,147,1,7
BRDA:3,148,0,0
BRDA:3,148,1,7
BRDA:3,149,0,1
BRDA:3,149,1,0
BRDA:3,150,0,1
BRDA:3,150,1,1
BRDA:3,151,0,1
BRDA:3,151,1,1
BRDA:3,152,0,1
BRDA:3,152,1,1
BRDA:3,153,0,0
BRDA:3,153,1,1
BRDA:3,154,0,0
BRDA:3,154,1,0
BRDA:3,155,0,31
BRDA:3,155,1,0
BRDA:3,156,0,31
BRDA:3,156,1,0
BRDA:3,157,0,31
BRDA:3,157,1,0
BRDA:3,158,0,31
BRDA:3,158,1,0
BRDA:3,159,0,31
BRDA:3,159,1,0
BRDA:3,160,0,0
BRDA:3,160,1,0
BRDA:3,161,0,0
BRDA:3,161,1,0
BRDA:3,161,2,0
BRDA:3,161,3,0
BRDA:4,162,0,0
BRDA:4,162,1,0
BRDA:4,163,0,0
BRDA:4,163,1,16
BRDA:4,164,0,16
BRDA:4,164,1,16
BRDA:4,165,0,16
BRDA:4,165,1,0
BRDA:4,166,0,16
BRDA:4,166,1,16
BRDA:4,167,0,0
BRDA:4,167,1,0
BRDA:4,168,0,0
BRDA:4,168,1,0
BRDA:4,169,0,0
BRDA:4,170,0,0
BRDA:4,170,1,0
BRDA:4,171,0,0
BRDA:4,171,1,0
BRDA:4,172,0,0
BRDA:4,172,1,0
BRDA:4,173,0,0
BRDA:4,173,1,0
BRDA:4,174,0,0
BRDA:4,175,0,0
BRDA:4,175,1,0
BRDA:5,176,0,0
BRDA:5,176,1,0
BRDA:5,177,0,0
BRDA:5,177,1,1
BRDA:5,178,0,1
BRDA:5,178,1,1
BRDA:5,179,0,1
BRDA:5,179,1,0
BRDA:5,180,0,1
BRDA:5,180,1,0
BRDA:5,181,0,0
BRDA:5,181,1,1
BRDA:5,182,0,0
BRDA:5,182,1,0
BRDA:5,183,0,0
BRDA:5,183,1,0
BRDA:5,184,0,0
BRDA:5,184,1,0
BRDA:5,185,0,0
BRDA:5,185,1,0
BRDA:5,186,0,0
BRDA:5,186,1,0
BRDA:5,187,0,0
BRDA:5,187,1,0
BRDA:5,188,0,0
BRDA:5,188,1,0
BRDA:5,188,2,0
BRDA:5,189,0,0
BRDA:5,189,1,0
BRDA:5,190,0,0
BRDA:5,190,1,0
BRDA:5,191,0,0
BRDA:5,191,1,0
BRDA:5,192,0,0
BRDA:5,192,1,0
BRDA:5,193,0,0
BRDA:5,193,1,0
BRDA:5,194,0,0
BRDA:5,194,1,0
BRDA:5,195,0,0
BRDA:5,195,1,0
BRDA:5,196,0,0
BRDA:5,196,1,0
BRDA:5,197,0,0
BRDA:5,197,1,0
BRDA:5,198,0,0
BRDA:5,198,1,0
BRDA:5,199,0,0
BRDA:5,199,1,0
BRDA:5,200,0,0
BRDA:5,200,1,0
BRDA:5,201,0,0
BRDA:5,201,1,0
BRDA:5,201,2,0
BRDA:5,201,3,0
BRDA:5,202,0,0
BRDA:5,202,1,0
BRDA:5,203,0,0
BRDA:5,203,1,0
BRDA:5,203,2,0
BRDA:5,203,3,0
BRDA:5,204,0,0
BRDA:5,204,1,0
BRDA:5,205,0,0
BRDA:5,205,1,0
BRDA:5,206,0,0
BRDA:5,206,1,0
BRDA:5,207,0,0
BRDA:5,207,1,0
BRDA:5,208,0,0
BRDA:5,208,1,0
BRDA:5,209,0,0
BRDA:5,209,1,0
BRDA:5,210,0,0
BRDA:5,210,1,0
BRDA:5,211,0,0
BRDA:5,211,1,0
BRDA:5,212,0,0
BRDA:5,212,1,0
BRDA:5,213,0,0
BRDA:5,213,1,0
BRDA:5,214,0,0
BRDA:5,214,1,0
BRDA:5,215,0,0
BRDA:5,215,1,0
BRDA:5,216,0,0
BRDA:5,216,1,0
BRDA:5,217,0,0
BRDA:5,217,1,0
BRDA:5,218,0,0
BRDA:5,218,1,0
BRDA:5,219,0,0
BRDA:5,219,1,0
BRDA:5,220,0,0
BRDA:5,220,1,0
BRDA:5,221,0,0
BRDA:5,221,1,0
BRDA:5,222,0,0
BRDA:5,222,1,0
BRDA:5,223,0,0
BRDA:5,223,1,0
BRDA:5,224,0,0
BRDA:5,224,1,0
BRDA:5,224,2,0
BRDA:5,225,0,0
BRDA:5,225,1,0
BRDA:5,226,0,0
BRDA:5,226,1,0
BRDA:5,227,0,0
BRDA:5,227,1,0
BRDA:5,228,0,0
BRDA:5,228,1,0
BRDA:5,229,0,0
BRDA:5,229,1,0
BRDA:5,230,0,0
BRDA:5,230,1,0
BRDA:5,231,0,0
BRDA:5,231,1,0
BRDA:5,232,0,0
BRDA:5,232,1,0
BRDA:5,233,0,0
BRDA:5,233,1,0
BRDA:5,233,2,0
BRDA:5,234,0,0
BRDA:5,234,1,0
BRDA:5,235,0,0
BRDA:5,235,1,0
BRDA:5,236,0,0
BRDA:5,236,1,0
BRDA:5,237,0,0
BRDA:5,237,1,0
BRDA:5,238,0,0
BRDA:5,238,1,0
BRDA:5,239,0,0
BRDA:5,239,1,0
BRDA:5,240,0,0
BRDA:5,240,1,0
BRDA:5,241,0,0
BRDA:5,241,1,0
BRDA:5,242,0,0
BRDA:5,242,1,0
BRDA:5,243,0,0
BRDA:5,243,1,0
BRDA:5,244,0,0
BRDA:5,244,1,0
BRDA:5,245,0,0
BRDA:5,245,1,0
BRDA:5,245,2,0
BRDA:5,246,0,0
BRDA:5,246,1,0
BRDA:5,247,0,0
BRDA:5,247,1,0
BRDA:5,248,0,0
BRDA:5,248,1,0
BRDA:5,249,0,0
BRDA:5,249,1,0
BRDA:5,250,0,0
BRDA:5,250,1,0
BRDA:5,251,0,0
BRDA:5,251,1,0
BRDA:5,252,0,0
BRDA:5,252,1,0
BRDA:5,253,0,0
BRDA:5,253,1,1
BRDA:5,254,0,0
BRDA:5,254,1,0
BRDA:5,255,0,0
BRDA:5,255,1,0
BRDA:5,256,0,0
BRDA:5,256,1,0
BRDA:5,257,0,1
BRDA:5,257,1,0
BRDA:5,258,0,0
BRDA:5,258,1,0
BRDA:5,258,2,0
BRDA:5,258,3,0
BRDA:5,259,0,0
BRDA:5,259,1,0
BRDA:5,259,2,0
BRDA:5,259,3,0
BRDA:5,260,0,0
BRDA:5,260,1,0
BRDA:5,261,0,0
BRDA:5,261,1,0
BRDA:5,262,0,0
BRDA:5,262,1,0
BRDA:5,262,2,0
BRDA:5,262,3,0
BRDA:6,263,0,0
BRDA:6,263,1,0
BRDA:6,264,0,0
BRDA:6,264,1,0
BRDA:6,265,0,0
BRDA:6,265,1,0
BRDA:6,266,0,0
BRDA:6,266,1,0
BRDA:6,267,0,0
BRDA:6,267,1,0
BRDA:6,268,0,0
BRDA:6,268,1,0
BRDA:6,269,0,0
BRDA:6,269,1,0
BRDA:6,270,0,0
BRDA:6,270,1,0
BRDA:6,271,0,0
BRDA:6,271,1,0
BRDA:6,272,0,0
BRDA:6,272,1,0
BRDA:6,273,0,0
BRDA:6,273,1,0
BRDA:6,274,0,0
BRDA:6,274,1,0
BRDA:6,275,0,0
BRDA:6,275,1,0
BRDA:6,276,0,0
BRDA:6,276,1,0
BRDA:6,277,0,0
BRDA:6,277,1,0
BRDA:6,278,0,2
BRDA:6,278,1,1
BRDA:6,279,0,1
BRDA:6,279,1,0
BRDA:6,279,2,0
BRDA:6,280,0,0
BRDA:6,280,1,1
BRDA:6,281,0,1
BRDA:6,281,1,0
BRDA:7,282,0,0
BRDA:7,282,1,1
BRDA:7,283,0,1
BRDA:7,283,1,0
BRDA:7,283,2,0
BRDA:7,284,0,1
BRDA:7,284,1,0
BRDA:7,285,0,0
BRDA:7,285,1,1
BRDA:7,286,0,1
BRDA:7,286,1,0
BRDA:7,287,0,0
BRDA:7,287,1,0
BRDA:7,288,0,0
BRDA:7,288,1,0
BRDA:7,289,0,0
BRDA:7,289,1,0
BRDA:7,290,0,0
BRDA:7,290,1,0
BRDA:7,291,0,0
BRDA:7,291,1,0
BRDA:7,292,0,0
BRDA:7,292,1,0
BRDA:7,293,0,0
BRDA:7,293,1,0
BRDA:7,294,0,0
BRDA:7,294,1,0
BRDA:7,295,0,0
BRDA:7,295,1,0
BRDA:7,296,0,0
BRDA:7,296,1,0
BRDA:7,297,0,0
BRDA:7,297,1,0
BRDA:7,298,0,0
BRDA:7,298,1,0
BRDA:7,299,0,0
BRDA:7,299,1,0
BRDA:7,300,0,0
BRDA:7,300,1,0
BRDA:7,301,0,0
BRDA:7,301,1,0
BRDA:7,302,0,0
BRDA:7,302,1,0
BRDA:7,303,0,0
BRDA:7,303,1,0
BRDA:7,304,0,0
BRDA:7,304,1,0
BRDA:7,304,2,0
BRDA:7,305,0,0
BRDA:7,305,1,0
BRDA:7,306,0,0
BRDA:7,306,1,0
BRDA:7,307,0,0
BRDA:7,307,1,0
BRDA:7,308,0,0
BRDA:7,308,1,0
BRDA:7,309,0,0
BRDA:7,309,1,2
BRDA:7,310,0,6
BRDA:7,310,1,6
BRDA:7,311,0,0
BRDA:7,311,1,0
BRDA:7,312,0,0
BRDA:7,312,1,0
BRDA:7,313,0,0
BRDA:7,313,1,0
BRDA:7,314,0,0
BRDA:7,314,1,0
BRDA:7,315,0,6
BRDA:7,315,1,0
BRDA:7,316,0,0
BRDA:7,317,0,2
BRDA:7,317,1,1
BRDA:7,318,0,2
BRDA:7,318,1,2
BRDA:7,319,0,2
BRDA:7,319,1,2
BRDA:7,319,2,0
BRDA:7,320,0,0
BRDA:7,320,1,2
BRDA:8,321,0,0
BRDA:8,321,1,1
BRDA:8,322,0,1
BRDA:8,322,1,0
BRDA:8,322,2,0
BRDA:8,322,3,0
BRDA:8,323,0,0
BRDA:8,323,1,0
BRDA:8,324,0,0
BRDA:8,324,1,0
BRDA:8,325,0,0
BRDA:8,325,1,0
BRDA:8,326,0,0
BRDA:8,326,1,0
BRDA:14,327,0,0
BRDA:14,327,1,0
BRDA:14,328,0,0
BRDA:14,328,1,0
BRDA:16,329,0,2
BRDA:16,329,1,2
BRDA:16,330,0,0
BRDA:16,330,1,2
BRDA:16,331,0,3
BRDA:16,331,1,0
BRDA:16,331,2,0
BRDA:16,332,0,4
BRDA:16,332,1,2
BRDA:16,333,0,1
BRDA:16,333,1,1
BRDA:16,334,0,1
BRDA:16,334,1,0
BRDA:16,335,0,0
BRDA:16,335,1,0
BRDA:16,336,0,0
BRDA:16,336,1,1
BRDA:16,337,0,0
BRDA:16,337,1,1
BRDA:16,338,0,0
BRDA:16,338,1,0
BRDA:16,339,0,0
BRDA:16,339,1,0
BRDA:16,340,0,0
BRDA:16,340,1,0
BRDA:16,341,0,0
BRDA:16,341,1,0
BRDA:16,342,0,0
BRDA:16,342,1,0
BRDA:16,343,0,0
BRDA:16,343,1,0
BRDA:16,344,0,0
BRDA:16,344,1,0
BRDA:19,345,0,1
BRDA:19,345,1,1
BRDA:19,346,0,1
BRDA:19,346,1,1
BRDA:19,347,0,0
BRDA:19,347,1,0
BRDA:19,348,0,0
BRDA:19,348,1,0
BRDA:21,349,0,0
BRDA:21,349,1,0
BRDA:21,350,0,0
BRDA:21,350,1,0
BRDA:21,351,0,0
BRDA:21,351,1,0
BRDA:22,352,0,0
BRDA:22,352,1,0
BRDA:22,353,0,0
BRDA:22,353,1,0
BRDA:22,354,0,0
BRDA:22,354,1,0
BRDA:22,355,0,0
BRDA:22,355,1,0
BRDA:22,356,0,0
BRDA:22,356,1,0
BRDA:22,357,0,0
BRDA:22,357,1,0
BRDA:22,358,0,0
BRDA:22,358,1,0
BRDA:22,359,0,3
BRDA:22,359,1,0
BRDA:22,360,0,0
BRDA:22,360,1,0
BRDA:22,361,0,0
BRDA:22,361,1,1
BRDA:22,362,0,0
BRDA:22,362,1,0
BRDA:22,363,0,0
BRDA:22,363,1,0
BRDA:22,364,0,0
BRDA:22,364,1,0
BRDA:22,365,0,0
BRDA:22,366,0,0
BRDA:22,367,0,0
BRDA:22,368,0,0
BRDA:22,368,1,0
BRDA:22,369,0,1
BRDA:22,369,1,1
BRDA:22,370,0,0
BRDA:22,370,1,0
BRDA:22,371,0,0
BRDA:22,371,1,4
BRDA:22,372,0,4
BRDA:22,372,1,0
BRDA:22,373,0,0
BRDA:22,373,1,0
BRDA:22,374,0,0
BRDA:22,374,1,0
BRDA:22,375,0,0
BRDA:22,375,1,0
BRDA:22,376,0,0
BRDA:22,376,1,2
BRDA:22,377,0,0
BRDA:22,377,1,0
BRDA:22,378,0,0
BRDA:22,378,1,0
BRDA:22,379,0,0
BRDA:22,379,1,0
BRDA:22,380,0,0
BRDA:22,380,1,0
BRDA:22,381,0,0
BRDA:22,381,1,0
BRDA:22,382,0,0
BRDA:22,382,1,0
BRDA:22,383,0,0
BRDA:22,384,0,0
BRDA:22,384,1,0
BRDA:22,385,0,0
BRDA:22,385,1,0
BRDA:22,386,0,0
BRDA:22,386,1,0
BRDA:23,387,0,0
BRDA:23,387,1,0
BRDA:23,388,0,2
BRDA:23,388,1,2
BRDA:23,389,0,0
BRDA:23,389,1,0
BRDA:23,390,0,0
BRDA:23,390,1,0
BRDA:23,391,0,0
BRDA:23,391,1,0
BRDA:23,392,0,0
BRDA:23,392,1,0
BRDA:23,393,0,0
BRDA:23,393,1,0
BRDA:23,394,0,0
BRDA:23,394,1,0
BRDA:23,395,0,0
BRDA:23,395,1,0
BRDA:23,396,0,0
BRDA:23,396,1,0
BRDA:23,397,0,0
BRDA:23,397,1,0
BRDA:23,398,0,0
BRDA:23,398,1,0
BRDA:23,399,0,0
BRDA:23,399,1,0
BRDA:23,400,0,0
BRDA:23,400,1,0
BRDA:23,401,0,0
BRDA:23,401,1,0
BRDA:23,402,0,0
BRDA:23,402,1,0
BRDA:23,403,0,0
BRDA:23,403,1,0
BRDA:23,404,0,0
BRDA:23,404,1,0
BRDA:23,405,0,0
BRDA:23,405,1,0
BRDA:23,406,0,0
BRDA:23,406,1,0
BRDA:23,407,0,0
BRDA:23,407,1,0
BRDA:23,408,0,0
BRDA:23,408,1,0
BRDA:23,409,0,0
BRDA:23,409,1,0
BRDA:23,410,0,0
BRDA:23,410,1,0
BRDA:23,411,0,0
BRDA:23,411,1,0
BRDA:23,412,0,0
BRDA:23,412,1,0
BRDA:23,413,0,0
BRDA:23,413,1,0
BRDA:23,414,0,0
BRDA:23,414,1,0
BRDA:23,415,0,0
BRDA:23,415,1,0
BRDA:23,416,0,0
BRDA:23,416,1,0
BRDA:23,417,0,0
BRDA:23,417,1,0
BRDA:23,418,0,0
BRDA:23,418,1,0
BRDA:23,419,0,0
BRDA:23,419,1,0
BRDA:23,420,0,0
BRDA:23,420,1,0
BRDA:23,421,0,0
BRDA:23,421,1,0
BRDA:23,422,0,0
BRDA:23,422,1,0
BRDA:23,423,0,0
BRDA:23,423,1,0
BRDA:23,424,0,0
BRDA:23,424,1,0
BRDA:23,425,0,0
BRDA:23,425,1,0
BRDA:23,426,0,0
BRDA:23,426,1,0
BRDA:23,427,0,0
BRDA:23,427,1,0
BRDA:23,428,0,0
BRDA:23,428,1,0
BRDA:23,429,0,0
BRDA:23,429,1,0
BRDA:23,429,2,0
BRDA:23,430,0,0
BRDA:23,430,1,0
BRDA:23,431,0,0
BRDA:23,431,1,0
BRDA:23,432,0,0
BRDA:23,432,1,0
BRDA:23,432,2,0
BRDA:23,432,3,0
BRDA:23,433,0,0
BRDA:23,433,1,0
BRDA:23,434,0,0
BRDA:23,434,1,0
BRDA:23,435,0,0
BRDA:23,435,1,0
BRDA:23,436,0,0
BRDA:23,436,1,0
BRDA:23,437,0,0
BRDA:23,437,1,0
BRDA:23,438,0,0
BRDA:23,438,1,0
BRDA:23,439,0,0
BRDA:23,439,1,0
BRDA:23,440,0,0
BRDA:23,440,1,0
BRDA:23,441,0,0
BRDA:23,441,1,0
BRDA:23,442,0,0
BRDA:23,442,1,0
BRDA:23,443,0,0
BRDA:23,443,1,0
BRDA:23,444,0,0
BRDA:23,444,1,0
BRDA:23,445,0,0
BRDA:23,445,1,0
BRDA:23,446,0,0
BRDA:23,446,1,0
BRDA:23,447,0,0
BRDA:23,447,1,0
BRDA:23,448,0,0
BRDA:23,448,1,0
BRDA:23,449,0,0
BRDA:23,449,1,0
BRDA:23,450,0,0
BRDA:23,450,1,0
BRDA:23,451,0,0
BRDA:23,451,1,0
BRDA:23,452,0,0
BRDA:23,452,1,0
BRDA:23,453,0,0
BRDA:23,453,1,0
BRDA:23,454,0,0
BRDA:23,454,1,0
BRDA:23,455,0,0
BRDA:23,455,1,0
BRDA:23,456,0,0
BRDA:23,456,1,0
BRDA:23,457,0,0
BRDA:23,457,1,0
BRDA:23,458,0,0
BRDA:23,458,1,0
BRDA:23,459,0,0
BRDA:23,459,1,0
BRDA:23,460,0,0
BRDA:23,460,1,0
BRDA:23,461,0,0
BRDA:23,461,1,0
BRDA:23,462,0,0
BRDA:23,462,1,0
BRDA:23,463,0,0
BRDA:23,463,1,0
BRDA:23,464,0,0
BRDA:23,464,1,0
BRDA:23,465,0,0
BRDA:23,465,1,0
BRDA:23,466,0,0
BRDA:23,466,1,0
BRDA:23,467,0,0
BRDA:23,467,1,0
BRDA:23,468,0,0
BRDA:23,468,1,0
BRDA:23,469,0,0
BRDA:23,469,1,0
BRDA:23,470,0,0
BRDA:23,470,1,0
BRDA:23,471,0,0
BRDA:23,471,1,0
BRDA:23,472,0,0
BRDA:23,472,1,0
BRDA:23,473,0,0
BRDA:23,473,1,0
BRDA:23,474,0,0
BRDA:23,474,1,0
BRDA:23,475,0,0
BRDA:23,475,1,0
BRDA:23,476,0,0
BRDA:23,476,1,0
BRDA:23,477,0,0
BRDA:23,477,1,0
BRDA:23,477,2,0
BRDA:23,477,3,0
BRDA:23,478,0,0
BRDA:23,478,1,0
BRDA:23,479,0,0
BRDA:23,479,1,0
BRDA:23,479,2,0
BRDA:23,479,3,0
BRDA:23,480,0,0
BRDA:23,480,1,0
BRDA:23,481,0,0
BRDA:23,481,1,0
BRDA:23,482,0,0
BRDA:23,482,1,0
BRDA:23,483,0,0
BRDA:23,483,1,0
BRDA:23,484,0,0
BRDA:23,484,1,0
BRDA:23,485,0,0
BRDA:23,485,1,0
BRDA:23,486,0,0
BRDA:23,486,1,0
BRDA:23,487,0,0
BRDA:23,487,1,0
BRDA:23,488,0,0
BRDA:23,488,1,0
BRDA:23,489,0,0
BRDA:23,489,1,0
BRDA:23,490,0,0
BRDA:23,490,1,0
BRDA:23,491,0,0
BRDA:23,491,1,0
BRDA:23,492,0,0
BRDA:23,492,1,0
BRDA:23,493,0,0
BRDA:23,493,1,0
BRDA:23,494,0,0
BRDA:23,494,1,0
BRDA:23,495,0,0
BRDA:23,495,1,0
BRDA:23,496,0,0
BRDA:23,496,1,0
BRDA:23,497,0,0
BRDA:23,497,1,0
BRDA:23,498,0,0
BRDA:23,498,1,0
BRDA:23,499,0,0
BRDA:23,499,1,0
BRDA:23,500,0,0
BRDA:23,500,1,0
BRDA:23,501,0,0
BRDA:23,501,1,0
BRDA:23,502,0,0
BRDA:23,502,1,0
BRDA:23,503,0,0
BRDA:23,503,1,0
BRDA:23,504,0,0
BRDA:23,504,1,0
BRDA:23,505,0,0
BRDA:23,505,1,0
BRDA:23,506,0,0
BRDA:23,506,1,0
BRDA:23,507,0,0
BRDA:23,507,1,0
BRDA:23,508,0,0
BRDA:23,508,1,0
BRDA:23,509,0,0
BRDA:23,509,1,0
BRDA:23,510,0,0
BRDA:23,510,1,0
BRDA:23,511,0,0
BRDA:23,511,1,0
BRDA:23,512,0,0
BRDA:23,512,1,0
BRDA:23,513,0,0
BRDA:23,513,1,0
BRDA:23,514,0,0
BRDA:23,514,1,0
BRDA:23,515,0,0
BRDA:23,515,1,0
BRDA:23,516,0,0
BRDA:23,516,1,0
BRDA:23,517,0,0
BRDA:23,517,1,0
BRDA:23,517,2,0
BRDA:23,517,3,0
BRDA:23,518,0,0
BRDA:23,518,1,0
BRDA:23,519,0,0
BRDA:23,519,1,0
BRDA:23,519,2,0
BRDA:23,520,0,0
BRDA:23,520,1,0
BRDA:23,521,0,0
BRDA:23,521,1,0
BRDA:23,522,0,0
BRDA:23,522,1,0
BRDA:23,523,0,0
BRDA:23,523,1,0
BRDA:23,524,0,0
BRDA:23,524,1,0
BRDA:23,525,0,0
BRDA:23,525,1,0
BRDA:23,526,0,0
BRDA:23,526,1,0
BRDA:23,527,0,0
BRDA:23,527,1,0
BRDA:23,528,0,0
BRDA:23,528,1,0
BRDA:23,529,0,0
BRDA:23,529,1,0
BRDA:23,530,0,0
BRDA:23,530,1,0
BRDA:23,531,0,0
BRDA:23,531,1,0
BRDA:23,532,0,0
BRDA:23,532,1,0
BRDA:23,533,0,0
BRDA:23,533,1,0
BRDA:23,534,0,0
BRDA:23,534,1,0
BRDA:23,535,0,0
BRDA:23,535,1,0
BRDA:23,536,0,0
BRDA:23,536,1,0
BRDA:23,537,0,0
BRDA:23,537,1,0
BRDA:23,538,0,0
BRDA:23,538,1,0
BRDA:23,539,0,0
BRDA:23,539,1,0
BRDA:23,540,0,0
BRDA:23,540,1,0
BRDA:23,541,0,0
BRDA:23,541,1,0
BRDA:23,541,2,0
BRDA:23,541,3,0
BRDA:23,542,0,0
BRDA:23,542,1,0
BRDA:23,543,0,0
BRDA:23,543,1,0
BRDA:23,543,2,0
BRDA:23,544,0,0
BRDA:23,544,1,0
BRDA:23,545,0,0
BRDA:23,545,1,0
BRDA:23,546,0,0
BRDA:23,546,1,0
BRDA:23,547,0,0
BRDA:23,547,1,0
BRDA:23,548,0,0
BRDA:23,548,1,0
BRDA:23,548,2,0
BRDA:23,549,0,0
BRDA:23,549,1,0
BRDA:23,550,0,0
BRDA:23,550,1,0
BRDA:23,550,2,0
BRDA:23,550,3,0
BRDA:23,551,0,0
BRDA:23,551,1,0
BRDA:23,552,0,0
BRDA:23,552,1,0
BRDA:23,553,0,0
BRDA:23,553,1,0
BRDA:23,554,0,0
BRDA:23,554,1,0
BRDA:23,555,0,0
BRDA:23,555,1,0
BRDA:23,556,0,0
BRDA:23,556,1,0
BRDA:23,557,0,0
BRDA:23,557,1,0
BRDA:23,558,0,0
BRDA:23,558,1,0
BRDA:23,559,0,0
BRDA:23,559,1,0
BRDA:23,559,2,0
BRDA:23,560,0,0
BRDA:23,560,1,0
BRDA:23,561,0,0
BRDA:23,561,1,0
BRDA:23,562,0,0
BRDA:23,562,1,0
BRDA:23,562,2,0
BRDA:23,562,3,0
BRDA:23,563,0,0
BRDA:23,563,1,0
BRDA:23,564,0,0
BRDA:23,564,1,0
BRDA:23,565,0,0
BRDA:23,565,1,0
BRDA:23,566,0,0
BRDA:23,566,1,0
BRDA:23,567,0,0
BRDA:23,567,1,0
BRDA:23,568,0,0
BRDA:23,568,1,0
BRDA:23,568,2,0
BRDA:23,568,3,0
BRDA:23,569,0,0
BRDA:23,569,1,0
BRDA:23,570,0,0
BRDA:23,570,1,0
BRDA:23,570,2,0
BRDA:23,570,3,0
BRDA:23,570,4,0
BRDA:23,570,5,0
BRDA:23,570,6,0
BRDA:23,571,0,0
BRDA:23,571,1,0
BRDA:23,572,0,0
BRDA:23,572,1,0
BRDA:23,573,0,0
BRDA:23,573,1,0
BRDA:23,574,0,0
BRDA:23,574,1,0
BRDA:23,575,0,0
BRDA:23,575,1,0
BRDA:23,576,0,0
BRDA:23,576,1,0
BRDA:23,577,0,0
BRDA:23,577,1,0
BRDA:23,578,0,0
BRDA:23,578,1,0
BRDA:23,579,0,0
BRDA:23,579,1,0
BRDA:23,580,0,0
BRDA:23,580,1,0
BRDA:23,581,0,0
BRDA:23,581,1,0
BRDA:23,582,0,0
BRDA:23,582,1,0
BRDA:23,583,0,0
BRDA:23,583,1,0
BRDA:23,584,0,0
BRDA:23,584,1,0
BRDA:23,585,0,0
BRDA:23,585,1,0
BRDA:23,586,0,0
BRDA:23,586,1,0
BRDA:23,587,0,0
BRDA:23,587,1,0
BRDA:23,588,0,0
BRDA:23,588,1,0
BRDA:23,589,0,0
BRDA:23,589,1,0
BRDA:23,590,0,0
BRDA:23,590,1,0
BRDA:23,591,0,0
BRDA:23,591,1,0
BRDA:23,592,0,0
BRDA:23,592,1,0
BRDA:23,593,0,0
BRDA:23,593,1,0
BRDA:23,594,0,0
BRDA:23,594,1,0
BRDA:23,595,0,0
BRDA:23,595,1,0
BRDA:23,596,0,0
BRDA:23,596,1,0
BRDA:23,597,0,0
BRDA:23,597,1,0
BRDA:23,598,0,0
BRDA:23,598,1,0
BRDA:23,599,0,0
BRDA:23,599,1,0
BRDA:23,600,0,0
BRDA:23,600,1,0
BRDA:23,601,0,0
BRDA:23,601,1,0
BRDA:23,602,0,0
BRDA:23,602,1,0
BRDA:23,603,0,0
BRDA:23,603,1,0
BRDA:23,604,0,0
BRDA:23,604,1,0
BRDA:23,604,2,0
BRDA:23,604,3,0
BRDA:23,605,0,0
BRDA:23,605,1,0
BRDA:23,606,0,0
BRDA:23,606,1,0
BRDA:23,607,0,0
BRDA:23,607,1,0
BRDA:23,608,0,0
BRDA:23,608,1,0
BRDA:23,609,0,0
BRDA:23,609,1,0
BRDA:23,610,0,0
BRDA:23,610,1,0
BRDA:23,611,0,0
BRDA:23,611,1,0
BRDA:23,612,0,0
BRDA:23,612,1,0
BRDA:23,613,0,0
BRDA:23,613,1,0
BRDA:23,614,0,0
BRDA:23,614,1,0
BRDA:23,615,0,0
BRDA:23,615,1,0
BRDA:23,615,2,0
BRDA:23,616,0,0
BRDA:23,616,1,0
BRDA:23,617,0,0
BRDA:23,617,1,0
BRDA:23,618,0,0
BRDA:23,618,1,0
BRDA:23,619,0,0
BRDA:23,619,1,0
BRDA:23,620,0,0
BRDA:23,620,1,0
BRDA:23,621,0,0
BRDA:23,621,1,0
BRDA:23,622,0,0
BRDA:23,622,1,0
BRDA:23,623,0,0
BRDA:23,623,1,0
BRDA:23,624,0,0
BRDA:23,624,1,0
BRDA:23,625,0,0
BRDA:23,625,1,0
BRDA:23,626,0,0
BRDA:23,626,1,0
BRDA:23,627,0,0
BRDA:23,627,1,0
BRDA:23,628,0,0
BRDA:23,628,1,0
BRDA:23,629,0,0
BRDA:23,629,1,0
BRDA:23,630,0,0
BRDA:23,630,1,0
BRDA:23,631,0,0
BRDA:23,631,1,0
BRDA:23,632,0,0
BRDA:23,632,1,0
BRDA:23,633,0,0
BRDA:23,633,1,0
BRDA:23,634,0,0
BRDA:23,634,1,0
BRDA:23,635,0,0
BRDA:23,635,1,0
BRDA:23,636,0,0
BRDA:23,636,1,0
BRDA:23,637,0,0
BRDA:23,637,1,0
BRDA:23,638,0,0
BRDA:23,638,1,0
BRDA:23,639,0,0
BRDA:23,639,1,0
BRDA:23,640,0,0
BRDA:23,640,1,0
BRDA:23,641,0,0
BRDA:23,641,1,0
BRDA:23,642,0,0
BRDA:23,642,1,0
BRDA:23,642,2,0
BRDA:23,643,0,0
BRDA:23,643,1,0
BRDA:23,644,0,0
BRDA:23,644,1,0
BRDA:23,645,0,0
BRDA:23,645,1,0
BRDA:23,646,0,0
BRDA:23,646,1,0
BRDA:23,647,0,0
BRDA:23,647,1,0
BRDA:23,648,0,0
BRDA:23,648,1,0
BRDA:23,648,2,0
BRDA:23,648,3,0
BRDA:23,648,4,0
BRDA:23,648,5,0
BRDA:23,649,0,0
BRDA:23,649,1,0
BRDA:23,649,2,0
BRDA:23,649,3,0
BRDA:23,649,4,0
BRDA:23,649,5,0
BRDA:23,649,6,0
BRDA:23,649,7,0
BRDA:23,650,0,0
BRDA:23,650,1,0
BRDA:23,651,0,0
BRDA:23,651,1,0
BRDA:23,652,0,0
BRDA:23,652,1,0
BRDA:23,653,0,0
BRDA:23,653,1,0
BRDA:23,654,0,0
BRDA:23,654,1,0
BRDA:23,654,2,0
BRDA:23,654,3,0
BRDA:23,654,4,0
BRDA:23,654,5,0
BRDA:23,655,0,0
BRDA:23,655,1,0
BRDA:23,655,2,0
BRDA:23,655,3,0
BRDA:23,655,4,0
BRDA:23,655,5,0
BRDA:23,655,6,0
BRDA:23,656,0,0
BRDA:23,656,1,0
BRDA:23,657,0,0
BRDA:23,657,1,0
BRDA:23,658,0,0
BRDA:23,658,1,0
BRDA:23,659,0,0
BRDA:23,659,1,0
BRDA:23,660,0,0
BRDA:23,660,1,0
BRDA:23,661,0,0
BRDA:23,661,1,0
BRDA:23,662,0,0
BRDA:23,662,1,0
BRDA:23,663,0,0
BRDA:23,663,1,0
BRDA:23,664,0,0
BRDA:23,664,1,0
BRDA:23,665,0,0
BRDA:23,665,1,0
BRDA:23,666,0,0
BRDA:23,666,1,0
BRDA:23,667,0,0
BRDA:23,667,1,0
BRDA:23,668,0,0
BRDA:23,668,1,0
BRDA:23,669,0,0
BRDA:23,669,1,0
BRDA:23,669,2,0
BRDA:23,669,3,0
BRDA:23,670,0,0
BRDA:23,670,1,0
BRDA:23,671,0,0
BRDA:23,671,1,0
BRDA:23,671,2,0
BRDA:23,672,0,0
BRDA:23,672,1,0
BRDA:23,673,0,0
BRDA:23,673,1,0
BRDA:23,674,0,0
BRDA:23,674,1,0
BRDA:23,675,0,0
BRDA:23,675,1,0
BRDA:23,675,2,0
BRDA:23,676,0,0
BRDA:23,676,1,0
BRDA:23,677,0,0
BRDA:23,677,1,0
BRDA:23,678,0,0
BRDA:23,678,1,0
BRDA:23,679,0,0
BRDA:23,679,1,0
BRDA:23,680,0,0
BRDA:23,680,1,0
BRDA:23,681,0,0
BRDA:23,681,1,0
BRDA:23,682,0,0
BRDA:23,682,1,0
BRDA:23,683,0,0
BRDA:23,683,1,0
BRDA:23,684,0,0
BRDA:23,684,1,0
BRDA:23,684,2,0
BRDA:23,685,0,0
BRDA:23,685,1,0
BRDA:23,686,0,0
BRDA:23,686,1,0
BRDA:23,687,0,0
BRDA:23,687,1,0
BRDA:23,688,0,0
BRDA:23,688,1,0
BRDA:23,689,0,0
BRDA:23,689,1,0
BRDA:23,689,2,0
BRDA:23,690,0,0
BRDA:23,690,1,0
BRDA:23,691,0,0
BRDA:23,691,1,0
BRDA:23,692,0,0
BRDA:23,692,1,0
BRDA:23,693,0,0
BRDA:23,693,1,0
BRDA:23,694,0,0
BRDA:23,694,1,0
BRDA:23,695,0,0
BRDA:23,695,1,0
BRDA:23,696,0,0
BRDA:23,696,1,0
BRDA:23,697,0,0
BRDA:23,697,1,0
BRDA:23,698,0,0
BRDA:23,698,1,0
BRDA:23,699,0,0
BRDA:23,699,1,0
BRDA:23,700,0,0
BRDA:23,700,1,0
BRDA:23,701,0,0
BRDA:23,701,1,0
BRDA:23,702,0,0
BRDA:23,702,1,0
BRDA:23,703,0,0
BRDA:23,703,1,0
BRDA:23,704,0,0
BRDA:23,704,1,0
BRDA:23,705,0,0
BRDA:23,705,1,0
BRDA:23,706,0,0
BRDA:23,706,1,0
BRDA:23,707,0,0
BRDA:23,707,1,0
BRDA:23,708,0,0
BRDA:23,708,1,0
BRDA:23,709,0,0
BRDA:23,709,1,0
BRDA:23,710,0,0
BRDA:23,710,1,0
BRDA:23,711,0,0
BRDA:23,711,1,0
BRDA:23,712,0,0
BRDA:23,712,1,0
BRDA:23,713,0,0
BRDA:23,713,1,0
BRDA:23,714,0,0
BRDA:23,714,1,0
BRDA:23,715,0,0
BRDA:23,715,1,0
BRDA:23,716,0,0
BRDA:23,716,1,0
BRDA:23,716,2,0
BRDA:23,716,3,0
BRDA:23,717,0,0
BRDA:23,717,1,0
BRDA:23,718,0,0
BRDA:23,718,1,0
BRDA:23,719,0,0
BRDA:23,719,1,0
BRDA:23,719,2,0
BRDA:23,719,3,0
BRDA:23,720,0,0
BRDA:23,720,1,0
BRDA:23,721,0,0
BRDA:23,721,1,0
BRDA:23,721,2,0
BRDA:23,721,3,0
BRDA:23,721,4,0
BRDA:23,721,5,0
BRDA:23,721,6,0
BRDA:23,722,0,0
BRDA:23,722,1,0
BRDA:23,723,0,0
BRDA:23,723,1,0
BRDA:23,724,0,0
BRDA:23,724,1,0
BRDA:23,725,0,0
BRDA:23,725,1,0
BRDA:23,726,0,0
BRDA:23,726,1,0
BRDA:23,727,0,0
BRDA:23,727,1,0
BRDA:23,728,0,0
BRDA:23,728,1,0
BRDA:23,729,0,0
BRDA:23,729,1,0
BRDA:23,730,0,0
BRDA:23,730,1,0
BRDA:23,731,0,0
BRDA:23,731,1,0
BRDA:23,732,0,0
BRDA:23,732,1,0
BRDA:23,733,0,0
BRDA:23,733,1,0
BRDA:23,734,0,0
BRDA:23,734,1,0
BRDA:23,735,0,0
BRDA:23,735,1,0
BRDA:23,736,0,0
BRDA:23,736,1,0
BRDA:23,737,0,0
BRDA:23,737,1,0
BRDA:23,738,0,0
BRDA:23,738,1,0
BRDA:23,739,0,0
BRDA:23,739,1,0
BRDA:23,740,0,0
BRDA:23,740,1,0
BRDA:23,741,0,0
BRDA:23,741,1,0
BRDA:23,742,0,0
BRDA:23,742,1,0
BRDA:23,743,0,0
BRDA:23,743,1,0
BRDA:23,744,0,0
BRDA:23,744,1,0
BRDA:23,745,0,0
BRDA:23,745,1,0
BRDA:23,745,2,0
BRDA:23,746,0,0
BRDA:23,746,1,0
BRDA:23,747,0,0
BRDA:23,747,1,0
BRDA:23,747,2,0
BRDA:23,748,0,0
BRDA:23,748,1,0
BRDA:23,749,0,0
BRDA:23,749,1,0
BRDA:23,749,2,0
BRDA:23,750,0,0
BRDA:23,750,1,0
BRDA:23,751,0,0
BRDA:23,751,1,0
BRDA:23,752,0,0
BRDA:23,752,1,0
BRDA:23,753,0,0
BRDA:23,753,1,0
BRDA:23,754,0,0
BRDA:23,754,1,0
BRDA:23,755,0,0
BRDA:23,755,1,0
BRDA:23,756,0,0
BRDA:23,756,1,0
BRDA:23,757,0,0
BRDA:23,757,1,0
BRDA:23,758,0,0
BRDA:23,758,1,0
BRDA:23,758,2,0
BRDA:23,759,0,0
BRDA:23,759,1,0
BRDA:23,760,0,0
BRDA:23,760,1,0
BRDA:23,761,0,0
BRDA:23,761,1,0
BRDA:23,762,0,0
BRDA:23,762,1,0
BRDA:23,762,2,0
BRDA:23,763,0,0
BRDA:23,763,1,0
BRDA:23,764,0,0
BRDA:23,764,1,0
BRDA:23,765,0,0
BRDA:23,765,1,0
BRDA:23,766,0,0
BRDA:23,766,1,0
BRDA:23,767,0,0
BRDA:23,767,1,0
BRDA:23,768,0,0
BRDA:23,768,1,0
BRDA:23,769,0,0
BRDA:23,769,1,0
BRDA:23,770,0,0
BRDA:23,770,1,0
BRDA:23,771,0,0
BRDA:23,771,1,0
BRDA:23,772,0,0
BRDA:23,772,1,0
BRDA:23,773,0,0
BRDA:23,773,1,0
BRDA:23,774,0,0
BRDA:23,774,1,0
BRDA:23,774,2,0
BRDA:23,774,3,0
BRDA:23,774,4,0
BRDA:23,774,5,0
BRDA:23,775,0,0
BRDA:23,775,1,0
BRDA:23,776,0,0
BRDA:23,776,1,0
BRDA:23,777,0,0
BRDA:23,777,1,0
BRDA:23,778,0,0
BRDA:23,778,1,0
BRDA:23,779,0,0
BRDA:23,779,1,0
BRDA:23,780,0,0
BRDA:23,780,1,0
BRDA:23,781,0,0
BRDA:23,781,1,0
BRDA:23,781,2,0
BRDA:23,781,3,0
BRDA:23,782,0,0
BRDA:23,782,1,0
BRDA:23,783,0,0
BRDA:23,783,1,0
BRDA:23,784,0,0
BRDA:23,784,1,0
BRDA:23,785,0,0
BRDA:23,785,1,0
BRDA:23,786,0,0
BRDA:23,786,1,0
BRDA:23,787,0,0
BRDA:23,787,1,0
BRDA:23,788,0,2
BRDA:23,788,1,2
BRDA:23,789,0,0
BRDA:23,789,1,2
BRDA:23,790,0,0
BRDA:23,790,1,0
BRDA:23,791,0,2
BRDA:23,791,1,0
BRDA:23,792,0,2
BRDA:23,792,1,0
BRDA:23,793,0,2
BRDA:23,793,1,0
BRDA:23,794,0,2
BRDA:23,794,1,0
BRDA:23,795,0,2
BRDA:23,795,1,2
BRDA:23,796,0,2
BRDA:23,796,1,2
BRDA:23,797,0,0
BRDA:23,797,1,2
BRDA:23,798,0,2
BRDA:23,798,1,0
BRDA:23,799,0,0
BRDA:23,799,1,0
BRDA:23,800,0,0
BRDA:23,800,1,0
BRDA:23,801,0,0
BRDA:23,801,1,0
BRDA:23,802,0,0
BRDA:23,802,1,0
BRDA:23,803,0,0
BRDA:23,803,1,0
BRDA:23,804,0,0
BRDA:23,804,1,0
BRDA:23,805,0,0
BRDA:23,805,1,0
BRDA:23,806,0,0
BRDA:23,806,1,0
BRDA:23,807,0,0
BRDA:23,807,1,0
BRDA:23,808,0,0
BRDA:23,808,1,0
BRDA:23,809,0,0
BRDA:23,809,1,0
BRDA:23,810,0,0
BRDA:23,810,1,0
BRDA:23,811,0,0
BRDA:23,811,1,0
BRDA:23,812,0,0
BRDA:23,812,1,0
BRDA:23,813,0,0
BRDA:23,813,1,0
BRDA:23,814,0,0
BRDA:23,814,1,0
BRDA:23,815,0,0
BRDA:23,815,1,0
BRDA:23,816,0,0
BRDA:23,816,1,0
BRDA:23,817,0,0
BRDA:23,817,1,0
BRDA:23,818,0,0
BRDA:23,818,1,0
BRDA:23,819,0,0
BRDA:23,819,1,0
BRDA:23,820,0,0
BRDA:23,820,1,0
BRDA:23,821,0,0
BRDA:23,821,1,0
BRDA:23,822,0,0
BRDA:23,822,1,0
BRDA:23,823,0,0
BRDA:23,823,1,0
BRDA:23,824,0,0
BRDA:23,824,1,0
BRDA:23,825,0,0
BRDA:23,825,1,0
BRDA:23,826,0,0
BRDA:23,826,1,0
BRDA:23,827,0,0
BRDA:23,827,1,0
BRDA:23,828,0,0
BRDA:23,828,1,0
BRDA:23,829,0,0
BRDA:23,829,1,0
BRDA:23,830,0,0
BRDA:23,830,1,0
BRDA:23,831,0,0
BRDA:23,831,1,0
BRDA:23,832,0,0
BRDA:23,832,1,0
BRDA:23,833,0,0
BRDA:23,833,1,0
BRDA:23,834,0,0
BRDA:23,834,1,0
BRDA:23,835,0,0
BRDA:23,835,1,0
BRDA:23,836,0,0
BRDA:23,836,1,0
BRDA:23,837,0,0
BRDA:23,837,1,0
BRDA:23,838,0,0
BRDA:23,838,1,0
BRDA:23,839,0,0
BRDA:23,839,1,0
BRDA:23,840,0,0
BRDA:23,840,1,0
BRDA:23,841,0,0
BRDA:23,841,1,0
BRDA:23,842,0,0
BRDA:23,842,1,0
BRDA:23,843,0,0
BRDA:23,843,1,0
BRDA:23,844,0,0
BRDA:23,844,1,0
BRDA:23,844,2,0
BRDA:23,844,3,0
BRDA:23,845,0,0
BRDA:23,845,1,0
BRDA:23,846,0,0
BRDA:23,846,1,0
BRDA:23,846,2,0
BRDA:23,846,3,0
BRDA:23,846,4,0
BRDA:23,846,5,0
BRDA:23,846,6,0
BRDA:23,847,0,0
BRDA:23,847,1,0
BRDA:23,848,0,0
BRDA:23,848,1,0
BRDA:23,849,0,0
BRDA:23,849,1,0
BRDA:23,850,0,0
BRDA:23,850,1,0
BRDA:23,851,0,0
BRDA:23,851,1,0
BRDA:23,852,0,0
BRDA:23,852,1,0
BRDA:23,853,0,0
BRDA:23,853,1,0
BRDA:23,854,0,0
BRDA:23,854,1,0
BRDA:23,855,0,0
BRDA:23,855,1,0
BRDA:23,856,0,0
BRDA:23,856,1,0
BRDA:23,857,0,0
BRDA:23,857,1,0
BRDA:23,858,0,0
BRDA:23,858,1,0
BRDA:23,859,0,0
BRDA:23,859,1,0
BRDA:23,860,0,0
BRDA:23,860,1,0
BRDA:23,861,0,0
BRDA:23,861,1,0
BRDA:23,862,0,0
BRDA:23,862,1,0
BRDA:23,863,0,0
BRDA:23,863,1,0
BRDA:23,864,0,0
BRDA:23,864,1,0
BRDA:23,865,0,0
BRDA:23,865,1,0
BRDA:23,866,0,0
BRDA:23,866,1,0
BRDA:23,867,0,0
BRDA:23,867,1,0
BRDA:23,868,0,0
BRDA:23,868,1,0
BRDA:23,869,0,0
BRDA:23,869,1,0
BRDA:23,870,0,0
BRDA:23,870,1,0
BRDA:23,871,0,0
BRDA:23,871,1,0
BRDA:23,872,0,0
BRDA:23,872,1,0
BRDA:23,873,0,0
BRDA:23,873,1,0
BRDA:23,874,0,0
BRDA:23,874,1,0
BRDA:23,875,0,0
BRDA:23,875,1,1
BRDA:23,876,0,1
BRDA:23,876,1,1
BRDA:23,877,0,7
BRDA:23,877,1,0
BRDA:23,878,0,7
BRDA:23,878,1,0
BRDA:23,879,0,7
BRDA:23,879,1,0
BRDA:23,880,0,7
BRDA:23,880,1,7
BRDA:23,880,2,7
BRDA:23,881,0,1
BRDA:23,881,1,0
BRDA:23,882,0,1
BRDA:23,882,1,0
BRDA:23,883,0,1
BRDA:23,883,1,0
BRDA:23,884,0,1
BRDA:23,884,1,1
BRDA:23,884,2,0
BRDA:23,884,3,0
BRDA:23,885,0,0
BRDA:23,885,1,1
BRDA:23,886,0,0
BRDA:23,886,1,0
BRDA:23,887,0,0
BRDA:23,887,1,0
BRDA:23,887,2,0
BRDA:23,887,3,0
BRDA:23,888,0,0
BRDA:23,888,1,2
BRDA:23,889,0,0
BRDA:23,889,1,2
BRDA:23,890,0,0
BRDA:23,890,1,0
BRDA:23,891,0,0
BRDA:23,891,1,0
BRDA:23,892,0,0
BRDA:23,892,1,0
BRDA:23,893,0,0
BRDA:23,893,1,0
BRDA:23,894,0,0
BRDA:23,894,1,0
BRDA:23,895,0,0
BRDA:23,895,1,2
BRDA:23,896,0,0
BRDA:23,896,1,0
BRDA:23,897,0,0
BRDA:23,897,1,0
BRDA:23,898,0,0
BRDA:23,898,1,0
BRDA:23,899,0,0
BRDA:23,899,1,0
BRDA:23,900,0,0
BRDA:23,900,1,0
BRDA:23,901,0,0
BRDA:23,901,1,0
BRDA:23,902,0,0
BRDA:23,902,1,0
BRDA:23,903,0,0
BRDA:23,903,1,0
BRDA:23,904,0,0
BRDA:23,904,1,0
BRDA:23,905,0,0
BRDA:23,905,1,0
BRDA:23,906,0,0
BRDA:23,906,1,2
BRDA:23,907,0,0
BRDA:23,907,1,2
BRDA:23,908,0,2
BRDA:23,908,1,0
BRDA:23,909,0,2
BRDA:23,909,1,0
BRDA:23,910,0,1
BRDA:23,910,1,0
BRDA:23,911,0,1
BRDA:23,911,1,0
BRDA:23,912,0,1
BRDA:23,912,1,1
BRDA:23,913,0,8
BRDA:23,913,1,0
BRDA:23,914,0,0
BRDA:23,914,1,0
BRDA:23,915,0,0
BRDA:23,915,1,0
BRDA:23,916,0,0
BRDA:23,916,1,0
BRDA:23,917,0,4
BRDA:23,917,1,4
BRDA:23,917,2,4
BRDA:23,917,3,4
BRDA:23,918,0,0
BRDA:23,918,1,0
BRDA:23,919,0,0
BRDA:23,919,1,0
BRDA:23,920,0,0
BRDA:23,920,1,0
BRDA:23,921,0,0
BRDA:23,921,1,0
BRDA:23,922,0,0
BRDA:23,922,1,0
BRDA:23,923,0,0
BRDA:23,923,1,0
BRDA:23,924,0,0
BRDA:23,924,1,0
BRDA:23,924,2,0
BRDA:23,925,0,0
BRDA:23,925,1,0
BRDA:23,926,0,0
BRDA:23,926,1,0
BRDA:23,927,0,0
BRDA:23,927,1,0
BRDA:23,928,0,0
BRDA:23,928,1,0
BRDA:23,929,0,0
BRDA:23,929,1,0
BRDA:23,930,0,0
BRDA:23,930,1,0
BRDA:23,931,0,0
BRDA:23,931,1,2
BRDA:23,932,0,2
BRDA:23,932,1,2
BRDA:23,932,2,2
BRDA:23,932,3,0
BRDA:23,932,4,0
BRDA:23,932,5,0
BRDA:23,933,0,0
BRDA:23,933,1,0
BRDA:23,934,0,0
BRDA:23,934,1,0
BRDA:23,935,0,0
BRDA:23,935,1,0
BRDA:23,936,0,0
BRDA:23,936,1,0
[...]
BRDA:110,1258,1,1
BRDA:110,1259,0,0
BRDA:110,1259,1,0
BRDA:110,1260,0,0
BRDA:110,1260,1,0
BRDA:110,1261,0,0
BRDA:110,1261,1,0
BRDA:110,1262,0,0
BRDA:110,1262,1,0
BRDA:110,1263,0,0
BRDA:110,1264,0,0
BRDA:110,1265,0,0
BRDA:110,1266,0,0
BRDA:110,1267,0,0
BRDA:110,1267,1,0
BRDA:110,1268,0,0
BRDA:110,1269,0,0
BRDA:110,1270,0,0
BRDA:110,1270,1,0
BRDA:110,1271,0,0
BRDA:110,1271,1,0
BRDA:110,1272,0,0
BRDA:110,1272,1,0
BRDA:110,1273,0,0
BRDA:110,1273,1,0
BRDA:110,1274,0,0
BRDA:110,1274,1,0
BRDA:110,1275,0,0
BRDA:110,1275,1,0
BRDA:110,1275,2,0
BRDA:110,1276,0,0
BRDA:110,1276,1,0
BRDA:110,1277,0,0
BRDA:110,1277,1,0
BRDA:110,1277,2,0
BRDA:110,1278,0,0
BRDA:110,1278,1,0
BRDA:110,1279,0,0
BRDA:110,1279,1,0
BRDA:110,1280,0,0
BRDA:110,1280,1,0
BRDA:110,1281,0,0
BRDA:110,1281,1,0
BRDA:110,1282,0,0
BRDA:110,1282,1,0
BRDA:110,1283,0,0
BRDA:110,1283,1,0
BRDA:110,1284,0,0
BRDA:110,1284,1,0
BRDA:110,1285,0,0
BRDA:110,1285,1,0
BRDA:110,1286,0,0
BRDA:110,1286,1,0
BRDA:110,1287,0,0
BRDA:110,1287,1,0
BRDA:110,1288,0,0
BRDA:110,1288,1,0
BRDA:110,1289,0,0
BRDA:110,1289,1,0
BRDA:110,1290,0,0
BRDA:110,1290,1,0
BRDA:110,1291,0,0
BRDA:110,1291,1,0
BRDA:110,1292,0,0
BRDA:110,1292,1,0
BRDA:110,1293,0,0
BRDA:110,1293,1,0
BRDA:110,1294,0,0
BRDA:110,1294,1,0
BRDA:110,1295,0,0
BRDA:110,1295,1,0
BRDA:110,1296,0,0
BRDA:110,1296,1,0
BRDA:110,1297,0,0
BRDA:110,1297,1,0
BRDA:110,1298,0,0
BRDA:110,1298,1,0
BRDA:110,1299,0,0
BRDA:110,1299,1,0
BRDA:110,1300,0,0
BRDA:110,1300,1,0
BRDA:110,1301,0,0
BRDA:110,1301,1,0
BRDA:110,1302,0,0
BRDA:110,1302,1,0
BRDA:110,1303,0,0
BRDA:110,1303,1,0
BRDA:111,1304,0,0
BRDA:111,1305,0,0
BRDA:111,1305,1,0
BRDA:111,1306,0,0
BRDA:111,1306,1,0
BRDA:111,1307,0,0
BRDA:111,1307,1,0
BRDA:111,1308,0,0
BRDA:111,1309,0,0
BRDA:111,1309,1,0
BRDA:111,1309,2,0
BRDA:111,1309,3,0
BRDA:111,1310,0,0
BRDA:111,1310,1,0
BRDA:111,1311,0,0
BRDA:111,1311,1,0
BRDA:111,1312,0,1
BRDA:111,1312,1,0
BRDA:111,1313,0,0
BRDA:111,1314,0,0
BRDA:111,1314,1,0
BRDA:111,1315,0,0
BRDA:111,1315,1,0
BRDA:111,1316,0,0
BRDA:111,1316,1,0
BRDA:111,1317,0,0
BRDA:111,1317,1,0
BRDA:111,1318,0,0
BRDA:111,1318,1,0
BRDA:111,1319,0,0
BRDA:111,1319,1,0
BRDA:111,1320,0,0
BRDA:111,1320,1,0
BRDA:111,1320,2,0
BRDA:111,1321,0,0
BRDA:111,1321,1,0
BRDA:111,1322,0,0
BRDA:111,1322,1,0
BRDA:111,1323,0,0
BRDA:111,1323,1,0
BRDA:111,1324,0,0
BRDA:111,1324,1,0
BRDA:111,1325,0,0
BRDA:111,1325,1,0
BRDA:111,1325,2,0
BRDA:111,1326,0,0
BRDA:111,1326,1,0
BRDA:111,1327,0,0
BRDA:111,1327,1,0
BRDA:111,1328,0,0
BRDA:111,1328,1,0
BRDA:111,1329,0,0
BRDA:111,1329,1,0
BRDA:111,1330,0,0
BRDA:111,1330,1,0
BRDA:111,1331,0,0
BRDA:111,1332,0,0
BRDA:111,1332,1,0
BRDA:111,1333,0,0
BRDA:111,1333,1,0
BRDA:111,1334,0,0
BRDA:111,1334,1,0
BRDA:111,1335,0,0
BRDA:111,1335,1,0
BRDA:111,1336,0,0
BRDA:111,1336,1,0
BRDA:111,1337,0,0
BRDA:111,1337,1,0
BRDA:111,1338,0,0
BRDA:111,1338,1,0
BRDA:111,1339,0,0
BRDA:111,1339,1,0
BRDA:111,1340,0,0
BRDA:111,1340,1,0
BRDA:111,1341,0,0
BRDA:111,1341,1,0
BRDA:111,1342,0,0
BRDA:111,1342,1,0
BRDA:111,1342,2,0
BRDA:111,1342,3,0
BRDA:111,1342,4,0
BRDA:111,1342,5,0
BRDA:111,1343,0,0
BRDA:111,1343,1,0
BRDA:111,1344,0,0
BRDA:111,1344,1,0
BRDA:111,1345,0,0
BRDA:111,1345,1,0
BRDA:111,1346,0,0
BRDA:111,1346,1,0
BRDA:111,1347,0,0
BRDA:111,1347,1,0
BRDA:111,1348,0,0
BRDA:111,1348,1,0
BRDA:111,1349,0,0
BRDA:111,1349,1,0
BRDA:111,1350,0,0
BRDA:111,1350,1,0
BRDA:111,1351,0,0
BRDA:111,1351,1,0
BRDA:111,1352,0,0
BRDA:111,1352,1,0
BRDA:111,1353,0,0
BRDA:111,1353,1,0
BRDA:111,1354,0,0
BRDA:111,1354,1,0
BRDA:111,1355,0,0
BRDA:111,1355,1,0
BRDA:111,1356,0,0
BRDA:111,1356,1,0
BRDA:111,1357,0,0
BRDA:111,1357,1,0
BRDA:111,1358,0,0
BRDA:111,1358,1,0
BRDA:111,1359,0,0
BRDA:111,1359,1,0
BRDA:111,1360,0,0
BRDA:111,1360,1,0
BRDA:111,1361,0,0
BRDA:111,1361,1,0
BRDA:111,1362,0,0
BRDA:111,1362,1,0
BRDA:111,1363,0,0
BRDA:111,1363,1,0
BRDA:111,1364,0,0
BRDA:111,1364,1,0
BRDA:111,1365,0,0
BRDA:111,1365,1,0
BRDA:111,1366,0,0
BRDA:111,1366,1,0
BRDA:111,1367,0,0
BRDA:111,1367,1,0
BRDA:111,1368,0,0
BRDA:111,1368,1,0
BRDA:111,1369,0,0
BRDA:111,1369,1,0
BRDA:111,1370,0,1
BRDA:111,1370,1,1
BRDA:111,1371,0,0
BRDA:111,1371,1,1
BRDA:111,1372,0,1
BRDA:111,1372,1,0
BRDA:111,1373,0,0
BRDA:111,1373,1,0
BRDA:111,1374,0,0
BRDA:111,1374,1,0
BRDA:111,1375,0,0
BRDA:111,1375,1,0
BRDA:111,1376,0,0
BRDA:111,1376,1,0
BRDA:111,1377,0,0
BRDA:111,1377,1,0
BRDA:111,1378,0,0
BRDA:111,1378,1,0
BRDA:111,1379,0,0
BRDA:111,1379,1,0
BRDA:111,1380,0,1
BRDA:111,1380,1,1
BRDA:111,1381,0,1
BRDA:111,1381,1,0
BRDA:111,1382,0,0
BRDA:111,1382,1,0
BRDA:111,1383,0,1
BRDA:111,1383,1,1
BRDA:111,1384,0,1
BRDA:111,1384,1,1
BRDA:111,1385,0,1
BRDA:111,1385,1,0
BRDA:111,1386,0,1
BRDA:111,1386,1,0
BRDA:111,1386,2,0
BRDA:111,1387,0,1
BRDA:111,1387,1,0
BRDA:111,1388,0,0
BRDA:111,1388,1,0
BRDA:111,1389,0,0
BRDA:111,1389,1,0
BRDA:111,1390,0,0
BRDA:111,1390,1,0
BRDA:111,1391,0,0
BRDA:111,1391,1,0
BRDA:111,1392,0,0
BRDA:111,1392,1,0
BRDA:111,1393,0,0
BRDA:111,1393,1,1
BRDA:111,1394,0,0
BRDA:111,1394,1,1
BRDA:111,1395,0,0
BRDA:111,1395,1,1
BRDA:112,1396,0,0
BRDA:112,1396,1,2
BRDA:112,1397,0,1
BRDA:112,1397,1,0
BRDA:112,1398,0,1
BRDA:112,1398,1,1
BRDA:112,1399,0,1
BRDA:112,1399,1,0
BRDA:112,1400,0,1
BRDA:112,1400,1,1
BRDA:112,1401,0,1
BRDA:112,1401,1,1
BRDA:112,1402,0,0
BRDA:112,1402,1,0
BRDA:112,1403,0,0
BRDA:112,1403,1,0
BRDA:112,1404,0,0
BRDA:112,1404,1,0
BRDA:112,1405,0,0
BRDA:112,1405,1,0
BRDA:112,1406,0,0
BRDA:112,1406,1,0
BRDA:112,1407,0,0
BRDA:112,1407,1,0
BRDA:112,1408,0,0
BRDA:112,1408,1,2
BRDA:112,1409,0,1
BRDA:112,1409,1,1
BRDA:112,1410,0,0
BRDA:112,1410,1,0
BRDA:112,1411,0,0
BRDA:112,1411,1,0
BRDA:112,1412,0,0
BRDA:112,1412,1,0
BRDA:112,1413,0,1
BRDA:112,1413,1,0
BRDA:112,1414,0,0
BRDA:112,1414,1,2
BRDA:112,1415,0,0
BRDA:112,1415,1,0
BRDA:112,1416,0,0
BRDA:112,1416,1,2
BRDA:112,1417,0,0
BRDA:112,1417,1,0
BRDA:112,1418,0,0
BRDA:112,1418,1,0
BRDA:112,1419,0,0
BRDA:112,1419,1,0
BRDA:112,1420,0,0
BRDA:112,1420,1,0
BRDA:113,1421,0,0
BRDA:113,1421,1,0
BRDA:113,1422,0,0
BRDA:113,1422,1,0
BRDA:113,1423,0,0
BRDA:113,1423,1,0
BRDA:113,1424,0,0
BRDA:113,1424,1,0
BRDA:113,1425,0,0
BRDA:113,1425,1,0
BRDA:113,1426,0,0
BRDA:113,1426,1,0
BRDA:113,1427,0,0
BRDA:113,1427,1,0
BRDA:113,1428,0,0
BRDA:113,1428,1,0
BRDA:113,1429,0,0
BRDA:113,1429,1,0
BRDA:113,1430,0,0
BRDA:113,1430,1,0
BRDA:113,1431,0,0
BRDA:113,1431,1,0
BRDA:113,1432,0,0
BRDA:113,1432,1,0
BRDA:113,1433,0,0
BRDA:113,1433,1,0
BRDA:113,1434,0,0
BRDA:113,1434,1,0
BRDA:113,1434,2,0
BRDA:113,1435,0,0
BRDA:113,1436,0,1
BRDA:113,1436,1,1
BRDA:113,1436,2,0
BRDA:113,1437,0,1
BRDA:113,1437,1,1
BRDA:113,1438,0,0
BRDA:113,1438,1,1
BRDA:113,1439,0,1
BRDA:113,1439,1,0
BRDA:113,1439,2,1
BRDA:113,1439,3,0
BRDA:113,1440,0,0
BRDA:113,1440,1,0
BRDA:113,1441,0,0
BRDA:113,1441,1,0
BRDA:114,1442,0,0
BRDA:114,1442,1,1
BRDA:114,1443,0,1
BRDA:114,1443,1,0
BRDA:114,1444,0,1
BRDA:114,1444,1,0
BRDA:114,1445,0,0
BRDA:114,1445,1,0
BRDA:114,1446,0,0
BRDA:114,1446,1,0
BRDA:114,1447,0,0
BRDA:114,1447,1,0
BRDA:114,1448,0,0
BRDA:114,1448,1,0
BRDA:114,1449,0,0
BRDA:114,1449,1,0
BRDA:114,1450,0,0
BRDA:114,1450,1,0
BRDA:114,1451,0,0
BRDA:114,1451,1,0
BRDA:114,1452,0,0
BRDA:114,1452,1,0
BRDA:114,1452,2,0
BRDA:114,1452,3,0
BRDA:114,1452,4,0
BRDA:114,1453,0,0
BRDA:114,1453,1,0
BRDA:114,1454,0,0
BRDA:114,1454,1,0
BRDA:114,1455,0,0
BRDA:114,1455,1,0
BRDA:114,1456,0,0
BRDA:114,1456,1,0
BRDA:114,1456,2,0
BRDA:114,1456,3,0
BRDA:114,1456,4,0
BRDA:114,1456,5,0
BRDA:114,1456,6,0
BRDA:114,1456,7,0
BRDA:114,1456,8,0
BRDA:114,1456,9,0
BRDA:114,1456,10,0
BRDA:114,1456,11,0
BRDA:114,1456,12,0
BRDA:114,1456,13,0
BRDA:114,1457,0,0
BRDA:114,1457,1,0
BRDA:114,1457,2,0
BRDA:114,1458,0,0
BRDA:114,1458,1,0
BRDA:114,1459,0,0
BRDA:114,1459,1,0
BRDA:114,1460,0,0
BRDA:114,1460,1,0
BRDA:114,1461,0,0
BRDA:114,1461,1,0
BRDA:115,1462,0,0
BRDA:115,1462,1,0
BRDA:115,1463,0,0
BRDA:115,1463,1,0
BRDA:115,1464,0,0
BRDA:115,1464,1,0
BRDA:115,1465,0,0
BRDA:115,1465,1,0
BRDA:115,1466,0,0
BRDA:115,1466,1,0
BRDA:115,1467,0,0
BRDA:115,1467,1,0
BRDA:115,1468,0,0
BRDA:115,1468,1,0
BRDA:115,1469,0,0
BRDA:115,1469,1,0
BRDA:115,1470,0,0
BRDA:115,1470,1,0
BRDA:115,1471,0,0
BRDA:115,1471,1,0
BRDA:115,1472,0,0
BRDA:115,1472,1,0
BRDA:115,1473,0,0
BRDA:115,1473,1,0
BRDA:115,1474,0,0
BRDA:115,1474,1,0
BRDA:115,1475,0,0
BRDA:115,1475,1,0
BRDA:115,1476,0,0
BRDA:115,1476,1,0
BRDA:115,1477,0,0
BRDA:115,1477,1,0
BRDA:115,1478,0,0
BRDA:115,1478,1,0
BRDA:115,1479,0,0
BRDA:115,1479,1,0
BRDA:115,1480,0,0
BRDA:115,1480,1,0
BRDA:115,1481,0,0
BRDA:115,1481,1,0
BRDA:115,1482,0,0
BRDA:115,1482,1,0
BRDA:115,1483,0,0
BRDA:115,1483,1,0
BRDA:115,1484,0,0
BRDA:115,1484,1,0
BRDA:115,1485,0,0
BRDA:115,1485,1,0
BRDA:115,1486,0,0
BRDA:115,1486,1,0
BRDA:115,1487,0,0
BRDA:115,1487,1,0
BRDA:115,1488,0,0
BRDA:115,1488,1,0
BRDA:115,1489,0,0
BRDA:115,1489,1,0
BRDA:115,1490,0,0
BRDA:115,1490,1,0
BRDA:115,1491,0,0
BRDA:115,1491,1,0
BRDA:115,1492,0,0
BRDA:115,1492,1,0
BRDA:115,1493,0,0
BRDA:115,1493,1,0
BRDA:115,1494,0,0
BRDA:115,1494,1,0
BRDA:115,1495,0,0
BRDA:115,1495,1,0
BRDA:115,1496,0,0
BRDA:115,1496,1,0
BRDA:115,1497,0,0
BRDA:115,1497,1,0
BRDA:115,1498,0,0
BRDA:115,1498,1,0
BRDA:115,1499,0,0
BRDA:115,1499,1,0
BRDA:115,1500,0,0
BRDA:115,1500,1,0
BRDA:115,1501,0,0
BRDA:115,1501,1,0
BRDA:115,1502,0,0
BRDA:115,1502,1,0
BRDA:115,1503,0,0
BRDA:115,1503,1,0
BRDA:115,1504,0,0
BRDA:115,1504,1,0
BRDA:115,1504,2,0
BRDA:115,1505,0,0
BRDA:115,1505,1,0
BRDA:115,1506,0,0
BRDA:115,1507,0,2
BRDA:115,1507,1,0
BRDA:115,1507,2,0
BRDA:115,1508,0,0
BRDA:115,1508,1,2
BRDA:115,1509,0,2
BRDA:115,1509,1,2
BRDA:115,1509,2,2
BRDA:115,1510,0,2
BRDA:115,1510,1,0
BRDA:115,1511,0,0
BRDA:115,1511,1,0
BRDA:115,1511,2,0
BRDA:115,1512,0,0
BRDA:115,1512,1,0
BRDA:115,1513,0,0
BRDA:115,1513,1,0
BRDA:115,1514,0,0
BRDA:115,1514,1,0
BRDA:115,1514,2,0
BRDA:115,1515,0,0
BRDA:115,1515,1,0
BRDA:115,1516,0,0
BRDA:115,1516,1,0
BRDA:115,1517,0,0
BRDA:115,1517,1,4
BRDA:115,1518,0,2
BRDA:115,1518,1,2
BRDA:115,1519,0,4
BRDA:115,1519,1,2
BRDA:115,1519,2,2
BRDA:115,1520,0,0
BRDA:115,1520,1,2
BRDA:115,1521,0,0
BRDA:115,1521,1,2
BRDA:115,1522,0,0
BRDA:115,1522,1,0
BRDA:115,1523,0,0
BRDA:115,1523,1,2
BRDA:115,1524,0,0
BRDA:115,1524,1,2
BRDA:115,1525,0,0
BRDA:115,1525,1,2
BRDA:115,1526,0,0
BRDA:115,1526,1,2
BRDA:115,1527,0,0
BRDA:115,1527,1,2
BRDA:115,1528,0,0
BRDA:115,1528,1,2
BRDA:115,1529,0,0
BRDA:115,1529,1,0
BRDA:115,1530,0,0
BRDA:115,1530,1,2
BRDA:115,1531,0,2
BRDA:115,1531,1,0
BRDA:115,1532,0,0
BRDA:115,1532,1,4
BRDA:115,1533,0,4
BRDA:115,1533,1,4
BRDA:115,1534,0,0
BRDA:115,1534,1,0
BRDA:115,1535,0,2
BRDA:115,1535,1,2
BRDA:115,1535,2,2
BRDA:115,1536,0,2
BRDA:115,1536,1,2
BRDA:115,1536,2,2
BRDA:115,1537,0,6
BRDA:115,1537,1,6
BRDA:115,1538,0,0
BRDA:115,1538,1,0
BRDA:115,1539,0,0
BRDA:115,1539,1,0
BRDA:115,1540,0,0
BRDA:115,1540,1,0
BRDA:115,1541,0,0
BRDA:115,1541,1,0
BRDA:115,1542,0,0
BRDA:115,1542,1,0
BRDA:115,1543,0,0
BRDA:115,1543,1,0
BRDA:115,1544,0,0
BRDA:115,1544,1,0
BRDA:115,1545,0,0
BRDA:115,1545,1,0
BRDA:115,1546,0,0
BRDA:115,1546,1,0
BRDA:115,1547,0,0
BRDA:115,1547,1,0
BRDA:115,1548,0,0
BRDA:115,1548,1,0
BRDA:115,1549,0,0
BRDA:115,1549,1,0
BRDA:115,1550,0,0
BRDA:115,1550,1,0
BRDA:115,1551,0,0
BRDA:115,1551,1,0
BRDA:115,1552,0,0
BRDA:115,1552,1,0
BRDA:115,1553,0,0
BRDA:115,1553,1,0
BRDA:115,1554,0,0
BRDA:115,1554,1,0
BRDA:115,1555,0,0
BRDA:115,1555,1,0
BRDA:115,1556,0,0
BRDA:115,1556,1,0
BRDA:115,1557,0,0
BRDA:115,1557,1,0
BRDA:115,1558,0,0
BRDA:115,1558,1,0
BRDA:115,1559,0,0
BRDA:115,1559,1,0
BRDA:115,1560,0,0
BRDA:115,1560,1,0
BRDA:115,1561,0,0
BRDA:115,1561,1,0
BRDA:115,1562,0,0
BRDA:115,1562,1,0
BRDA:115,1562,2,0
BRDA:115,1563,0,0
BRDA:115,1563,1,0
BRDA:122,1564,0,0
BRDA:122,1564,1,0
BRDA:122,1565,0,0
BRDA:122,1565,1,0
BRDA:122,1566,0,0
BRDA:122,1566,1,0
BRDA:122,1566,2,0
BRDA:122,1566,3,0
BRDA:122,1566,4,0
BRDA:122,1566,5,0
BRDA:122,1566,6,0
BRDA:122,1567,0,0
BRDA:122,1567,1,0
BRDA:122,1568,0,2
BRDA:122,1569,0,2
BRDA:122,1569,1,0
BRDA:122,1570,0,2
BRDA:122,1570,1,0
BRDA:122,1571,0,2
BRDA:122,1571,1,2
BRDA:122,1572,0,0
BRDA:122,1572,1,0
BRDA:122,1573,0,2
BRDA:122,1573,1,0
BRDA:122,1574,0,0
BRDA:122,1574,1,0
BRDA:122,1575,0,0
BRDA:122,1575,1,1
BRDA:122,1576,0,0
BRDA:122,1577,0,0
BRDA:122,1577,1,0
BRDA:122,1578,0,0
BRDA:122,1578,1,0
BRDA:122,1579,0,0
BRDA:122,1579,1,0
BRDA:122,1580,0,0
BRDA:122,1580,1,0
BRDA:122,1581,0,0
BRDA:122,1581,1,0
BRDA:122,1582,0,0
BRDA:122,1582,1,0
BRDA:122,1582,2,0
BRDA:122,1583,0,1
BRDA:122,1583,1,8
BRDA:122,1584,0,0
BRDA:122,1584,1,8
BRDA:122,1585,0,1
BRDA:122,1585,1,7
BRDA:122,1586,0,0
BRDA:122,1586,1,1
BRDA:122,1587,0,1
BRDA:122,1587,1,1
BRDA:122,1587,2,1
BRDA:122,1588,0,0
BRDA:122,1588,1,0
BRDA:122,1588,2,0
BRDA:122,1588,3,0
BRDA:122,1588,4,0
BRDA:122,1588,5,0
BRDA:122,1589,0,0
BRDA:122,1589,1,2
BRDA:122,1590,0,2
BRDA:122,1590,1,0
BRDA:122,1591,0,2
BRDA:122,1591,1,2
BRDA:122,1592,0,2
BRDA:122,1592,1,2
BRDA:122,1593,0,2
BRDA:122,1593,1,6
BRDA:122,1594,0,8
BRDA:122,1594,1,2
BRDA:122,1595,0,2
BRDA:122,1595,1,0
BRDA:122,1596,0,2
BRDA:122,1596,1,2
BRDA:122,1597,0,2
BRDA:122,1597,1,2
BRDA:122,1598,0,2
BRDA:122,1598,1,0
BRDA:122,1599,0,0
BRDA:122,1599,1,2
BRDA:122,1600,0,0
BRDA:122,1600,1,0
BRDA:122,1601,0,0
BRDA:122,1601,1,0
BRDA:122,1602,0,0
BRDA:122,1602,1,0
BRDA:122,1603,0,0
BRDA:122,1603,1,2
BRDA:122,1604,0,0
BRDA:122,1604,1,2
BRDA:122,1605,0,0
BRDA:122,1605,1,0
BRDA:122,1606,0,0
BRDA:122,1606,1,0
BRDA:122,1607,0,0
BRDA:122,1607,1,2
BRDA:122,1608,0,0
BRDA:122,1608,1,0
BRDA:122,1609,0,0
BRDA:122,1609,1,0
BRDA:122,1610,0,0
BRDA:122,1610,1,0
BRDA:122,1611,0,0
BRDA:122,1611,1,0
BRDA:122,1612,0,0
BRDA:122,1612,1,0
BRDA:122,1613,0,0
BRDA:122,1613,1,0
BRDA:122,1614,0,0
BRDA:122,1614,1,0
BRDA:122,1615,0,0
BRDA:122,1615,1,0
BRDA:122,1616,0,0
BRDA:122,1616,1,0
BRDA:122,1617,0,0
BRDA:122,1617,1,0
BRDA:122,1618,0,0
BRDA:122,1618,1,0
BRDA:122,1619,0,0
BRDA:122,1619,1,0
BRDA:122,1620,0,0
BRDA:122,1620,1,0
BRDA:122,1621,0,0
BRDA:122,1621,1,0
BRDA:122,1622,0,0
BRDA:122,1622,1,2
BRDA:122,1623,0,2
BRDA:122,1623,1,2
BRDA:122,1624,0,2
BRDA:122,1624,1,2
BRDA:122,1625,0,0
BRDA:122,1625,1,0
BRDA:122,1626,0,0
BRDA:122,1626,1,2
BRDA:122,1627,0,0
BRDA:122,1627,1,0
BRDA:122,1628,0,0
BRDA:122,1628,1,0
BRDA:122,1629,0,0
BRDA:122,1629,1,0
BRDA:122,1630,0,0
BRDA:122,1630,1,0
BRDA:122,1630,2,0
BRDA:122,1631,0,0
BRDA:122,1631,1,0
BRDA:122,1632,0,0
BRDA:122,1632,1,0
BRDA:122,1633,0,0
BRDA:122,1633,1,0
BRDA:122,1634,0,0
BRDA:122,1634,1,0
BRDA:122,1634,2,0
BRDA:122,1634,3,0
BRDA:122,1634,4,0
BRDA:122,1634,5,0
BRDA:122,1634,6,0
BRDA:122,1634,7,0
BRDA:123,1635,0,0
BRDA:123,1635,1,0
BRDA:123,1636,0,0
BRDA:123,1636,1,0
BRDA:123,1637,0,0
BRDA:123,1637,1,0
BRDA:123,1638,0,0
BRDA:123,1638,1,0
BRDA:123,1639,0,0
BRDA:123,1639,1,0
BRDA:123,1640,0,0
BRDA:123,1640,1,0
BRDA:123,1641,0,0
BRDA:123,1641,1,0
BRDA:124,1642,0,0
BRDA:124,1642,1,0
BRDA:124,1643,0,0
BRDA:124,1643,1,0
BRDA:124,1644,0,0
BRDA:124,1644,1,0
BRDA:125,1645,0,0
BRDA:125,1645,1,0
BRDA:126,1646,0,0
BRDA:126,1646,1,0
BRDA:126,1647,0,0
BRDA:126,1647,1,0
BRDA:126,1648,0,0
BRDA:126,1648,1,0
BRDA:126,1649,0,0
BRDA:126,1649,1,0
BRDA:126,1650,0,0
BRDA:126,1650,1,0
BRDA:126,1651,0,0
BRDA:126,1651,1,0
BRDA:127,1652,0,0
BRDA:127,1652,1,0
BRDA:127,1653,0,0
BRDA:127,1653,1,0
BRDA:127,1654,0,0
BRDA:127,1654,1,0
BRDA:127,1655,0,0
BRDA:127,1655,1,0
BRDA:127,1656,0,0
BRDA:127,1656,1,0
BRDA:127,1657,0,0
BRDA:127,1657,1,0
BRDA:127,1658,0,0
BRDA:127,1658,1,0
BRDA:127,1659,0,0
BRDA:127,1659,1,0
BRDA:127,1660,0,0
BRDA:127,1660,1,0
BRDA:127,1661,0,0
BRDA:127,1661,1,0
BRDA:127,1662,0,0
BRDA:127,1662,1,0
BRDA:127,1663,0,0
BRDA:127,1663,1,0
BRDA:127,1664,0,0
BRDA:127,1664,1,0
BRDA:127,1665,0,0
BRDA:127,1665,1,0
BRDA:127,1666,0,0
BRDA:127,1666,1,0
BRDA:127,1667,0,0
BRDA:127,1667,1,0
BRDA:127,1668,0,0
BRDA:127,1668,1,0
BRDA:127,1669,0,0
BRDA:127,1669,1,0
BRDA:127,1670,0,0
BRDA:127,1670,1,0
BRDA:127,1671,0,0
BRDA:127,1671,1,0
BRDA:127,1672,0,0
BRDA:127,1672,1,0
BRDA:127,1673,0,0
BRDA:127,1673,1,0
BRDA:127,1674,0,0
BRDA:127,1674,1,0
BRDA:127,1675,0,0
BRDA:127,1675,1,0
BRDA:127,1676,0,0
BRDA:127,1676,1,0
BRDA:127,1677,0,0
BRDA:127,1677,1,0
BRDA:127,1678,0,0
BRDA:127,1678,1,0
BRDA:127,1679,0,0
BRDA:127,1679,1,0
BRDA:127,1680,0,0
BRDA:127,1680,1,0
BRDA:127,1681,0,0
BRDA:127,1681,1,0
BRDA:127,1682,0,0
BRDA:127,1682,1,0
BRDA:127,1683,0,0
BRDA:127,1683,1,0
BRDA:127,1684,0,0
BRDA:127,1684,1,0
BRDA:127,1685,0,0
BRDA:127,1685,1,0
BRDA:127,1686,0,0
BRDA:127,1686,1,0
BRDA:127,1687,0,0
BRDA:127,1687,1,0
BRDA:127,1688,0,1
BRDA:127,1688,1,1
BRDA:127,1689,0,1
BRDA:127,1689,1,1
BRDA:127,1690,0,1
BRDA:127,1690,1,0
BRDA:127,1691,0,0
BRDA:127,1691,1,1
BRDA:127,1692,0,1
BRDA:127,1692,1,0
BRDA:127,1693,0,1
BRDA:127,1693,1,0
BRDA:127,1694,0,1
BRDA:127,1694,1,1
BRDA:127,1695,0,1
BRDA:127,1695,1,1
BRDA:127,1695,2,0
BRDA:127,1696,0,1
BRDA:127,1696,1,1
BRDA:127,1697,0,1
BRDA:127,1697,1,1
BRDA:127,1698,0,1
BRDA:127,1698,1,0
BRDA:127,1699,0,1
BRDA:127,1699,1,0
BRDA:127,1700,0,1
BRDA:127,1700,1,1
BRDA:127,1701,0,0
BRDA:127,1701,1,1
BRDA:127,1702,0,0
BRDA:127,1702,1,1
BRDA:127,1703,0,0
BRDA:127,1703,1,1
BRDA:127,1704,0,0
BRDA:127,1704,1,1
BRDA:127,1705,0,1
BRDA:127,1705,1,1
BRDA:127,1706,0,1
BRDA:127,1706,1,1
BRDA:127,1707,0,1
BRDA:127,1707,1,0
BRDA:127,1708,0,1
BRDA:127,1708,1,0
BRDA:127,1709,0,0
BRDA:127,1709,1,0
BRDA:127,1710,0,0
BRDA:127,1710,1,0
BRDA:127,1711,0,1
BRDA:127,1711,1,0
BRDA:127,1712,0,1
BRDA:127,1712,1,1
BRDA:127,1713,0,1
BRDA:127,1713,1,1
BRDA:127,1714,0,0
BRDA:127,1714,1,0
BRDA:127,1715,0,0
BRDA:127,1715,1,0
BRDA:127,1716,0,0
BRDA:127,1716,1,0
BRDA:127,1717,0,0
BRDA:127,1717,1,0
BRDA:127,1718,0,0
BRDA:127,1718,1,0
BRDA:127,1719,0,0
BRDA:127,1719,1,0
BRDA:127,1720,0,0
BRDA:127,1720,1,0
BRDA:127,1721,0,0
BRDA:127,1721,1,0
BRDA:127,1722,0,0
BRDA:127,1722,1,0
BRDA:127,1723,0,0
BRDA:127,1723,1,0
BRDA:127,1724,0,0
BRDA:127,1724,1,0
BRDA:127,1725,0,0
BRDA:127,1725,1,0
BRDA:127,1726,0,0
BRDA:127,1726,1,0
BRDA:127,1727,0,0
BRDA:127,1727,1,0
BRDA:127,1728,0,0
BRDA:127,1728,1,0
BRDA:127,1729,0,0
BRDA:127,1729,1,0
BRDA:127,1730,0,0
BRDA:127,1730,1,0
BRDA:127,1731,0,0
BRDA:127,1731,1,0
BRDA:127,1732,0,0
BRDA:127,1732,1,0
BRDA:127,1733,0,0
BRDA:127,1733,1,0
BRDA:127,1734,0,0
BRDA:127,1734,1,0
BRDA:127,1735,0,2
BRDA:127,1735,1,2
BRDA:127,1736,0,2
BRDA:127,1736,1,0
BRDA:127,1737,0,0
BRDA:127,1737,1,2
BRDA:127,1738,0,2
BRDA:127,1738,1,2
BRDA:127,1739,0,2
BRDA:127,1739,1,0
BRDA:127,1739,2,0
BRDA:127,1740,0,2
BRDA:127,1740,1,0
BRDA:127,1741,0,0
BRDA:127,1741,1,2
BRDA:127,1742,0,2
BRDA:127,1742,1,0
BRDA:128,1743,0,2
BRDA:128,1743,1,0
BRDA:128,1744,0,0
BRDA:128,1744,1,0
BRDA:128,1745,0,0
BRDA:128,1745,1,0
BRDA:128,1746,0,0
BRDA:128,1746,1,0
BRDA:128,1747,0,0
BRDA:128,1747,1,0
BRDA:128,1748,0,0
BRDA:128,1748,1,0
BRDA:128,1749,0,1
BRDA:128,1749,1,0
BRDA:147,1750,0,0
BRDA:147,1750,1,0
BRF:3689
BRH:469
end_of_record
TN:
SF:src\server.ts
FNF:0
FNH:0
DA:10,1
DA:12,1
DA:13,1
DA:14,1
DA:15,1
DA:16,1
DA:17,1
DA:20,1
DA:24,1
DA:25,1
LF:10
LH:10
BRF:0
BRH:0
end_of_record
TN:
SF:src\controllers\login.controller.ts
FN:6,loginUser
FNF:1
FNH:1
FNDA:2,loginUser
DA:7,2
DA:9,2
DA:15,2
DA:19,2
DA:20,1
DA:23,1
DA:28,1
DA:34,1
LF:8
LH:8
BRDA:15,0,0,1
BRDA:15,0,1,1
BRDA:19,1,0,1
BRDA:19,2,0,2
BRDA:19,2,1,1
BRF:5
BRH:5
end_of_record
TN:
SF:src\controllers\user.controller.ts
FN:6,createUser
FN:51,oo_cm
FNF:2
FNH:0
FNDA:0,createUser
FNDA:0,oo_cm
DA:7,0
DA:8,0
DA:9,0
DA:11,0
DA:12,0
DA:13,0
DA:14,0
DA:17,0
DA:18,0
DA:19,0
DA:21,0
DA:24,0
DA:26,0
DA:27,0
DA:28,0
DA:38,0
DA:40,0
DA:51,1
LF:18
LH:1
BRDA:13,0,0,0
BRDA:13,1,0,0
BRDA:13,1,1,0
BRDA:18,2,0,0
BRDA:18,2,1,0
BRDA:18,3,0,0
BRDA:18,3,1,0
BRDA:51,4,0,0
BRDA:51,4,1,0
BRF:9
BRH:0
end_of_record
TN:
SF:src\db\client.ts
FNF:0
FNH:0
DA:3,1
LF:1
LH:1
BRF:0
BRH:0
end_of_record
TN:
SF:src\middlewares\error.middleware.ts
FN:4,(anonymous_0)
FNF:1
FNH:0
FNDA:0,(anonymous_0)
DA:4,1
DA:5,0
DA:6,0
DA:8,0
DA:10,0
DA:13,0
DA:14,0
DA:16,0
DA:18,0
DA:21,0
DA:22,0
DA:24,0
DA:26,0
DA:29,0
DA:30,0
DA:32,0
LF:16
LH:1
BRDA:5,0,0,0
BRDA:13,1,0,0
BRDA:21,2,0,0
BRF:3
BRH:0
end_of_record
TN:
SF:src\routes\login.routes.ts
FNF:0
FNH:0
DA:4,1
DA:6,1
LF:2
LH:2
BRF:0
BRH:0
end_of_record
TN:
SF:src\routes\user.routes.ts
FNF:0
FNH:0
DA:5,1
DA:7,1
LF:2
LH:2
BRF:0
BRH:0
end_of_record
